<?xml version="1.0" encoding="UTF-8"?>
<testsuites name="Amazon_Login_Logout_TestSuite_001" time="70.776" tests="2" failures="0" errors="0">
   <testsuite name="Amazon_Login_Logout_TestSuite_001" tests="2" failures="0" errors="0" time="70.776" skipped="0" timestamp="20-01-2024T19:30:01" hostname="KOTTANA SIVA KUMAR - LAPTOP-0GRNC2TD" id="Test Suites/Amazon_TestSuite/Amazon_Login_Logout_TestSuite_001">
      <properties>
         <property name="deviceName" value=""/>
         <property name="devicePlatform" value=""/>
         <property name="logFolder" value="C:\\Users\\KOTTANA SIVA KUMAR\\Katalon Studio\\Software Automation Testing with Katalon\\Reports\\20240120_192807\\Amazon_TestSuite\\Amazon_Login_Logout_TestSuite_001\\20240120_192810"/>
         <property name="logFiles" value="C:\\Users\\KOTTANA SIVA KUMAR\\Katalon Studio\\Software Automation Testing with Katalon\\Reports\\20240120_192807\\Amazon_TestSuite\\Amazon_Login_Logout_TestSuite_001\\20240120_192810\\execution0.log"/>
         <property name="attachments" value=""/>
         <property name="hostName" value="KOTTANA SIVA KUMAR - LAPTOP-0GRNC2TD"/>
         <property name="os" value="Windows 11 64bit"/>
         <property name="katalonVersion" value="9.1.0.212"/>
         <property name="browser" value="Chrome 120.0.0.0"/>
         <property name="hostAddress" value="192.168.55.103"/>
         <property name="sessionId" value="cce29d3458785f95c5616657fb5cbf5b"/>
         <property name="seleniumVersion" value="3.141.59"/>
         <property name="proxyInformation" value="ProxyInformation { proxyOption=NO_PROXY, proxyServerType=HTTP, username=, password=********, proxyServerAddress=, proxyServerPort=0, executionList=&quot;&quot;, isApplyToDesiredCapabilities=true }"/>
         <property name="platform" value="Windows 11"/>
      </properties>
      <testcase name="Test Cases/Amazon/TC_Amazon_Validate_Login-001" time="29.981" classname="Test Cases/Amazon/TC_Amazon_Validate_Login-001" status="PASSED">
         <system-out><![CDATA[20-01-2024T19:30:02 - [TEST_CASE][PASSED] - Test Cases/Amazon/TC_Amazon_Validate_Login-001: Test Cases/Amazon/TC_Amazon_Validate_Login-001

20-01-2024T19:30:02 - [TEST_STEP][PASSED] - openBrowser(""): Browser is opened with url: ''

20-01-2024T19:30:03 - [MESSAGE][INFO] - Starting 'Chrome' driver

20-01-2024T19:30:03 - [MESSAGE][INFO] - Action delay is set to 0 milliseconds

20-01-2024T19:30:04 - [MESSAGE][PASSED] - Browser is opened with url: ''

20-01-2024T19:30:04 - [TEST_STEP][PASSED] - navigateToUrl("https://www.amazon.com/"): Navigate to 'https://www.amazon.com/' successfully

20-01-2024T19:30:07 - [MESSAGE][PASSED] - Navigate to 'https://www.amazon.com/' successfully

20-01-2024T19:30:07 - [TEST_STEP][PASSED] - setText(findTestObject("Object Repository/Amazon_Pages_login_OR/Page_Amazon.com/input_field-keywords"), ""): Text '' is set on object 'Object Repository/Amazon_Pages_login_OR/Page_Amazon.com/input_field-keywords'

20-01-2024T19:30:08 - [MESSAGE][PASSED] - Text '' is set on object 'Object Repository/Amazon_Pages_login_OR/Page_Amazon.com/input_field-keywords'

20-01-2024T19:30:08 - [TEST_STEP][PASSED] - click(findTestObject("Object Repository/Amazon_Pages_login_OR/Page_Amazon.com/button_Continue shopping")): Object: 'Object Repository/Amazon_Pages_login_OR/Page_Amazon.com/button_Continue shopping' is clicked on

20-01-2024T19:30:09 - [MESSAGE][PASSED] - Object: 'Object Repository/Amazon_Pages_login_OR/Page_Amazon.com/button_Continue shopping' is clicked on

20-01-2024T19:30:09 - [TEST_STEP][PASSED] - click(findTestObject("Object Repository/Amazon_Pages_login_OR/Page_Amazon.com. Spend less. Smile more/span_Hello, sign in")): Object: 'Object Repository/Amazon_Pages_login_OR/Page_Amazon.com. Spend less. Smile more/span_Hello, sign in' is clicked on

20-01-2024T19:30:27 - [MESSAGE][PASSED] - Object: 'Object Repository/Amazon_Pages_login_OR/Page_Amazon.com. Spend less. Smile more/span_Hello, sign in' is clicked on

20-01-2024T19:30:27 - [TEST_STEP][PASSED] - setText(findTestObject("Object Repository/Amazon_Pages_login_OR/Page_Amazon Sign-In/input_email"), "sivakumarkottana2000@gmail.com"): Text 'sivakumarkottana2000@gmail.com' is set on object 'Object Repository/Amazon_Pages_login_OR/Page_Amazon Sign-In/input_email'

20-01-2024T19:30:28 - [MESSAGE][PASSED] - Text 'sivakumarkottana2000@gmail.com' is set on object 'Object Repository/Amazon_Pages_login_OR/Page_Amazon Sign-In/input_email'

20-01-2024T19:30:28 - [TEST_STEP][PASSED] - click(findTestObject("Object Repository/Amazon_Pages_login_OR/Page_Amazon Sign-In/inputcontinue")): Object: 'Object Repository/Amazon_Pages_login_OR/Page_Amazon Sign-In/inputcontinue' is clicked on

20-01-2024T19:30:29 - [MESSAGE][PASSED] - Object: 'Object Repository/Amazon_Pages_login_OR/Page_Amazon Sign-In/inputcontinue' is clicked on

20-01-2024T19:30:29 - [TEST_STEP][PASSED] - setEncryptedText(findTestObject("Object Repository/Amazon_Pages_login_OR/Page_Amazon Sign-In/input_password"), "DTj8m5Ry/xZVxpyMM/dUZQ=="): Text ****** has been set on object 'Object Repository/Amazon_Pages_login_OR/Page_Amazon Sign-In/input_password'

20-01-2024T19:30:31 - [MESSAGE][PASSED] - Text ****** has been set on object 'Object Repository/Amazon_Pages_login_OR/Page_Amazon Sign-In/input_password'

20-01-2024T19:30:31 - [TEST_STEP][PASSED] - click(findTestObject("Object Repository/Amazon_Pages_login_OR/Page_Amazon Sign-In/inputsignInSubmit")): Object: 'Object Repository/Amazon_Pages_login_OR/Page_Amazon Sign-In/inputsignInSubmit' is clicked on

20-01-2024T19:30:31 - [MESSAGE][PASSED] - Object: 'Object Repository/Amazon_Pages_login_OR/Page_Amazon Sign-In/inputsignInSubmit' is clicked on

20-01-2024T19:30:31 - [TEST_STEP][PASSED] - closeBrowser(): Browser is closed

20-01-2024T19:30:32 - [MESSAGE][PASSED] - Browser is closed]]></system-out>
         <system-err><![CDATA[]]></system-err>
      </testcase>
      <testcase name="Test Cases/Amazon/TC_Amazon_Validation_Log out-002" time="40.484" classname="Test Cases/Amazon/TC_Amazon_Validation_Log out-002" status="PASSED">
         <system-out><![CDATA[20-01-2024T19:30:32 - [TEST_CASE][PASSED] - Test Cases/Amazon/TC_Amazon_Validation_Log out-002: Test Cases/Amazon/TC_Amazon_Validation_Log out-002

20-01-2024T19:30:32 - [TEST_STEP][PASSED] - openBrowser(""): Browser is opened with url: ''

20-01-2024T19:30:32 - [MESSAGE][INFO] - Starting 'Chrome' driver

20-01-2024T19:30:32 - [MESSAGE][INFO] - Action delay is set to 0 milliseconds

20-01-2024T19:30:33 - [MESSAGE][PASSED] - Browser is opened with url: ''

20-01-2024T19:30:33 - [TEST_STEP][PASSED] - navigateToUrl("https://www.amazon.com/"): Navigate to 'https://www.amazon.com/' successfully

20-01-2024T19:30:35 - [MESSAGE][PASSED] - Navigate to 'https://www.amazon.com/' successfully

20-01-2024T19:30:35 - [TEST_STEP][PASSED] - setText(findTestObject("Object Repository/Amazon_Pages_log out_OR/Page_Amazon.com/input_field-keywords"), "EFRKNH"): Text 'EFRKNH' is set on object 'Object Repository/Amazon_Pages_log out_OR/Page_Amazon.com/input_field-keywords'

20-01-2024T19:30:36 - [MESSAGE][PASSED] - Text 'EFRKNH' is set on object 'Object Repository/Amazon_Pages_log out_OR/Page_Amazon.com/input_field-keywords'

20-01-2024T19:30:36 - [TEST_STEP][PASSED] - click(findTestObject("Object Repository/Amazon_Pages_log out_OR/Page_Amazon.com/button_Continue shopping")): Object: 'Object Repository/Amazon_Pages_log out_OR/Page_Amazon.com/button_Continue shopping' is clicked on

20-01-2024T19:30:37 - [MESSAGE][PASSED] - Object: 'Object Repository/Amazon_Pages_log out_OR/Page_Amazon.com/button_Continue shopping' is clicked on

20-01-2024T19:30:37 - [TEST_STEP][PASSED] - click(findTestObject("Object Repository/Amazon_Pages_log out_OR/Page_Amazon.com. Spend less. Smile more/span_Hello, sign in")): Object: 'Object Repository/Amazon_Pages_log out_OR/Page_Amazon.com. Spend less. Smile more/span_Hello, sign in' is clicked on

20-01-2024T19:30:54 - [MESSAGE][PASSED] - Object: 'Object Repository/Amazon_Pages_log out_OR/Page_Amazon.com. Spend less. Smile more/span_Hello, sign in' is clicked on

20-01-2024T19:30:54 - [TEST_STEP][PASSED] - setText(findTestObject("Object Repository/Amazon_Pages_log out_OR/Page_Amazon Sign-In/input_email"), "sivakumarkottana2000@gmail.com"): Text 'sivakumarkottana2000@gmail.com' is set on object 'Object Repository/Amazon_Pages_log out_OR/Page_Amazon Sign-In/input_email'

20-01-2024T19:30:55 - [MESSAGE][PASSED] - Text 'sivakumarkottana2000@gmail.com' is set on object 'Object Repository/Amazon_Pages_log out_OR/Page_Amazon Sign-In/input_email'

20-01-2024T19:30:55 - [TEST_STEP][PASSED] - click(findTestObject("Object Repository/Amazon_Pages_log out_OR/Page_Amazon Sign-In/inputcontinue")): Object: 'Object Repository/Amazon_Pages_log out_OR/Page_Amazon Sign-In/inputcontinue' is clicked on

20-01-2024T19:30:59 - [MESSAGE][PASSED] - Object: 'Object Repository/Amazon_Pages_log out_OR/Page_Amazon Sign-In/inputcontinue' is clicked on

20-01-2024T19:30:59 - [TEST_STEP][PASSED] - setEncryptedText(findTestObject("Object Repository/Amazon_Pages_log out_OR/Page_Amazon Sign-In/input_password"), "DTj8m5Ry/xZVxpyMM/dUZQ=="): Text ****** has been set on object 'Object Repository/Amazon_Pages_log out_OR/Page_Amazon Sign-In/input_password'

20-01-2024T19:30:59 - [MESSAGE][PASSED] - Text ****** has been set on object 'Object Repository/Amazon_Pages_log out_OR/Page_Amazon Sign-In/input_password'

20-01-2024T19:30:59 - [TEST_STEP][PASSED] - click(findTestObject("Object Repository/Amazon_Pages_log out_OR/Page_Amazon Sign-In/inputsignInSubmit")): Object: 'Object Repository/Amazon_Pages_log out_OR/Page_Amazon Sign-In/inputsignInSubmit' is clicked on

20-01-2024T19:31:00 - [MESSAGE][PASSED] - Object: 'Object Repository/Amazon_Pages_log out_OR/Page_Amazon Sign-In/inputsignInSubmit' is clicked on

20-01-2024T19:31:00 - [TEST_STEP][PASSED] - click(findTestObject("Object Repository/Amazon_Pages_log out_OR/Page_Amazon.com. Spend less. Smile more/span_All")): Object: 'Object Repository/Amazon_Pages_log out_OR/Page_Amazon.com. Spend less. Smile more/span_All' is clicked on

20-01-2024T19:31:07 - [MESSAGE][PASSED] - Object: 'Object Repository/Amazon_Pages_log out_OR/Page_Amazon.com. Spend less. Smile more/span_All' is clicked on

20-01-2024T19:31:07 - [TEST_STEP][PASSED] - click(findTestObject("Object Repository/Amazon_Pages_log out_OR/Page_Amazon.com. Spend less. Smile more/a_Sign Out")): Object: 'Object Repository/Amazon_Pages_log out_OR/Page_Amazon.com. Spend less. Smile more/a_Sign Out' is clicked on

20-01-2024T19:31:12 - [MESSAGE][PASSED] - Object: 'Object Repository/Amazon_Pages_log out_OR/Page_Amazon.com. Spend less. Smile more/a_Sign Out' is clicked on

20-01-2024T19:31:12 - [TEST_STEP][PASSED] - closeBrowser(): Browser is closed

20-01-2024T19:31:12 - [MESSAGE][PASSED] - Browser is closed]]></system-out>
         <system-err><![CDATA[]]></system-err>
      </testcase>
      <system-out><![CDATA[20-01-2024T19:30:01 - [TEST_SUITE][PASSED] - Amazon_Login_Logout_TestSuite_001: Test Cases/Amazon/TC_Amazon_Validation_Log out-002]]></system-out>
      <system-err><![CDATA[]]></system-err>
   </testsuite>
</testsuites>
