<?xml version="1.0" encoding="UTF-8"?>
<testsuites name="Amazon_TestSuite_Collection_001" time="277.535" tests="6" failures="0" errors="0">
   <testsuite name="Amazon_AddtoCart_MyOrder_TestSuite_003" tests="2" failures="0" errors="0" time="87.842" skipped="0" timestamp="20-01-2024T19:28:21" hostname="KOTTANA SIVA KUMAR - LAPTOP-0GRNC2TD" id="Test Suites/Amazon_TestSuite/Amazon_AddtoCart_MyOrder_TestSuite_003">
      <properties>
         <property name="deviceName" value=""/>
         <property name="devicePlatform" value=""/>
         <property name="logFolder" value="C:\\Users\\KOTTANA SIVA KUMAR\\Katalon Studio\\Software Automation Testing with Katalon\\Reports\\20240120_192807\\Amazon_TestSuite\\Amazon_AddtoCart_MyOrder_TestSuite_003\\20240120_192808"/>
         <property name="logFiles" value="C:\\Users\\KOTTANA SIVA KUMAR\\Katalon Studio\\Software Automation Testing with Katalon\\Reports\\20240120_192807\\Amazon_TestSuite\\Amazon_AddtoCart_MyOrder_TestSuite_003\\20240120_192808\\execution0.log"/>
         <property name="attachments" value=""/>
         <property name="hostName" value="KOTTANA SIVA KUMAR - LAPTOP-0GRNC2TD"/>
         <property name="os" value="Windows 11 64bit"/>
         <property name="katalonVersion" value="9.1.0.212"/>
         <property name="browser" value="Chrome 120.0.0.0"/>
         <property name="hostAddress" value="192.168.55.103"/>
         <property name="sessionId" value="6f3c781eb6cbc667c2ca46042b581683"/>
         <property name="seleniumVersion" value="3.141.59"/>
         <property name="proxyInformation" value="ProxyInformation { proxyOption=NO_PROXY, proxyServerType=HTTP, username=, password=********, proxyServerAddress=, proxyServerPort=0, executionList=&quot;&quot;, isApplyToDesiredCapabilities=true }"/>
         <property name="platform" value="Windows 11"/>
      </properties>
      <testcase name="Test Cases/Amazon/TC_Amazon_Validate_Add to Cart-004" time="58.413" classname="Test Cases/Amazon/TC_Amazon_Validate_Add to Cart-004" status="PASSED">
         <system-out><![CDATA[20-01-2024T19:28:22 - [TEST_CASE][PASSED] - Test Cases/Amazon/TC_Amazon_Validate_Add to Cart-004: Test Cases/Amazon/TC_Amazon_Validate_Add to Cart-004

20-01-2024T19:28:22 - [TEST_STEP][PASSED] - openBrowser(""): Browser is opened with url: ''

20-01-2024T19:28:23 - [MESSAGE][INFO] - Starting 'Chrome' driver

20-01-2024T19:28:23 - [MESSAGE][INFO] - Action delay is set to 0 milliseconds

20-01-2024T19:28:25 - [MESSAGE][PASSED] - Browser is opened with url: ''

20-01-2024T19:28:25 - [TEST_STEP][PASSED] - navigateToUrl("https://www.amazon.com/"): Navigate to 'https://www.amazon.com/' successfully

20-01-2024T19:28:27 - [MESSAGE][PASSED] - Navigate to 'https://www.amazon.com/' successfully

20-01-2024T19:28:27 - [TEST_STEP][PASSED] - setText(findTestObject("Object Repository/Amazon_Pages_Add to Cart_OR/Page_Amazon.com/input_field-keywords"), "KXXTNX"): Text 'KXXTNX' is set on object 'Object Repository/Amazon_Pages_Add to Cart_OR/Page_Amazon.com/input_field-keywords'

20-01-2024T19:28:28 - [MESSAGE][PASSED] - Text 'KXXTNX' is set on object 'Object Repository/Amazon_Pages_Add to Cart_OR/Page_Amazon.com/input_field-keywords'

20-01-2024T19:28:28 - [TEST_STEP][PASSED] - click(findTestObject("Object Repository/Amazon_Pages_Add to Cart_OR/Page_Amazon.com/button_Continue shopping")): Object: 'Object Repository/Amazon_Pages_Add to Cart_OR/Page_Amazon.com/button_Continue shopping' is clicked on

20-01-2024T19:28:29 - [MESSAGE][PASSED] - Object: 'Object Repository/Amazon_Pages_Add to Cart_OR/Page_Amazon.com/button_Continue shopping' is clicked on

20-01-2024T19:28:29 - [TEST_STEP][PASSED] - click(findTestObject("Object Repository/Amazon_Pages_Add to Cart_OR/Page_Amazon.com. Spend less. Smile more/span_Hello, sign in")): Object: 'Object Repository/Amazon_Pages_Add to Cart_OR/Page_Amazon.com. Spend less. Smile more/span_Hello, sign in' is clicked on

20-01-2024T19:28:57 - [MESSAGE][PASSED] - Object: 'Object Repository/Amazon_Pages_Add to Cart_OR/Page_Amazon.com. Spend less. Smile more/span_Hello, sign in' is clicked on

20-01-2024T19:28:57 - [TEST_STEP][PASSED] - setText(findTestObject("Object Repository/Amazon_Pages_Add to Cart_OR/Page_Amazon Sign-In/input_email"), "sivakumarkottana2000@gmail.com"): Text 'sivakumarkottana2000@gmail.com' is set on object 'Object Repository/Amazon_Pages_Add to Cart_OR/Page_Amazon Sign-In/input_email'

20-01-2024T19:28:59 - [MESSAGE][PASSED] - Text 'sivakumarkottana2000@gmail.com' is set on object 'Object Repository/Amazon_Pages_Add to Cart_OR/Page_Amazon Sign-In/input_email'

20-01-2024T19:28:59 - [TEST_STEP][PASSED] - click(findTestObject("Object Repository/Amazon_Pages_Add to Cart_OR/Page_Amazon Sign-In/inputcontinue")): Object: 'Object Repository/Amazon_Pages_Add to Cart_OR/Page_Amazon Sign-In/inputcontinue' is clicked on

20-01-2024T19:29:00 - [MESSAGE][PASSED] - Object: 'Object Repository/Amazon_Pages_Add to Cart_OR/Page_Amazon Sign-In/inputcontinue' is clicked on

20-01-2024T19:29:00 - [TEST_STEP][PASSED] - setEncryptedText(findTestObject("Object Repository/Amazon_Pages_Add to Cart_OR/Page_Amazon Sign-In/input_password"), "DTj8m5Ry/xZVxpyMM/dUZQ=="): Text ****** has been set on object 'Object Repository/Amazon_Pages_Add to Cart_OR/Page_Amazon Sign-In/input_password'

20-01-2024T19:29:02 - [MESSAGE][PASSED] - Text ****** has been set on object 'Object Repository/Amazon_Pages_Add to Cart_OR/Page_Amazon Sign-In/input_password'

20-01-2024T19:29:02 - [TEST_STEP][PASSED] - click(findTestObject("Object Repository/Amazon_Pages_Add to Cart_OR/Page_Amazon Sign-In/inputsignInSubmit")): Object: 'Object Repository/Amazon_Pages_Add to Cart_OR/Page_Amazon Sign-In/inputsignInSubmit' is clicked on

20-01-2024T19:29:03 - [MESSAGE][PASSED] - Object: 'Object Repository/Amazon_Pages_Add to Cart_OR/Page_Amazon Sign-In/inputsignInSubmit' is clicked on

20-01-2024T19:29:03 - [TEST_STEP][PASSED] - selectOptionByValue(findTestObject("Object Repository/Amazon_Pages_Add to Cart_OR/Page_Amazon.com. Spend less. Smile more/select_All Departments        Arts  Crafts _135c92"), "search-alias=computers-intl-ship", true): All options with value 'search-alias=computers-intl-ship' are selected in object 'Object Repository/Amazon_Pages_Add to Cart_OR/Page_Amazon.com. Spend less. Smile more/select_All Departments        Arts  Crafts _135c92'  using regular expression

20-01-2024T19:29:10 - [MESSAGE][PASSED] - All options with value 'search-alias=computers-intl-ship' are selected in object 'Object Repository/Amazon_Pages_Add to Cart_OR/Page_Amazon.com. Spend less. Smile more/select_All Departments        Arts  Crafts _135c92'  using regular expression

20-01-2024T19:29:10 - [TEST_STEP][PASSED] - setText(findTestObject("Object Repository/Amazon_Pages_Add to Cart_OR/Page_Amazon.com. Spend less. Smile more/input_field-keywords"), "laptops"): Text 'laptops' is set on object 'Object Repository/Amazon_Pages_Add to Cart_OR/Page_Amazon.com. Spend less. Smile more/input_field-keywords'

20-01-2024T19:29:12 - [MESSAGE][PASSED] - Text 'laptops' is set on object 'Object Repository/Amazon_Pages_Add to Cart_OR/Page_Amazon.com. Spend less. Smile more/input_field-keywords'

20-01-2024T19:29:12 - [TEST_STEP][PASSED] - click(findTestObject("Object Repository/Amazon_Pages_Add to Cart_OR/Page_Amazon.com. Spend less. Smile more/inputnav-search-submit-button")): Object: 'Object Repository/Amazon_Pages_Add to Cart_OR/Page_Amazon.com. Spend less. Smile more/inputnav-search-submit-button' is clicked on

20-01-2024T19:29:19 - [MESSAGE][PASSED] - Object: 'Object Repository/Amazon_Pages_Add to Cart_OR/Page_Amazon.com. Spend less. Smile more/inputnav-search-submit-button' is clicked on

20-01-2024T19:29:19 - [TEST_STEP][PASSED] - click(findTestObject("Object Repository/Amazon_Pages_Add to Cart_OR/Page_Amazon.com  laptops/button_Add to cart")): Object: 'Object Repository/Amazon_Pages_Add to Cart_OR/Page_Amazon.com  laptops/button_Add to cart' is clicked on

20-01-2024T19:29:20 - [MESSAGE][PASSED] - Object: 'Object Repository/Amazon_Pages_Add to Cart_OR/Page_Amazon.com  laptops/button_Add to cart' is clicked on

20-01-2024T19:29:20 - [TEST_STEP][PASSED] - closeBrowser(): Browser is closed

20-01-2024T19:29:20 - [MESSAGE][PASSED] - Browser is closed]]></system-out>
         <system-err><![CDATA[]]></system-err>
      </testcase>
      <testcase name="Test Cases/Amazon/TC_Amazon_Validate_Myorders_006" time="29.13" classname="Test Cases/Amazon/TC_Amazon_Validate_Myorders_006" status="PASSED">
         <system-out><![CDATA[20-01-2024T19:29:20 - [TEST_CASE][PASSED] - Test Cases/Amazon/TC_Amazon_Validate_Myorders_006: Test Cases/Amazon/TC_Amazon_Validate_Myorders_006

20-01-2024T19:29:20 - [TEST_STEP][PASSED] - openBrowser(""): Browser is opened with url: ''

20-01-2024T19:29:20 - [MESSAGE][INFO] - Starting 'Chrome' driver

20-01-2024T19:29:20 - [MESSAGE][INFO] - Action delay is set to 0 milliseconds

20-01-2024T19:29:21 - [MESSAGE][PASSED] - Browser is opened with url: ''

20-01-2024T19:29:21 - [TEST_STEP][PASSED] - navigateToUrl("https://www.amazon.com/"): Navigate to 'https://www.amazon.com/' successfully

20-01-2024T19:29:23 - [MESSAGE][PASSED] - Navigate to 'https://www.amazon.com/' successfully

20-01-2024T19:29:23 - [TEST_STEP][PASSED] - setText(findTestObject("Object Repository/Amazon_Pages_my orders_OR/Page_Amazon.com/input_field-keywords"), "RNUBAE"): Text 'RNUBAE' is set on object 'Object Repository/Amazon_Pages_my orders_OR/Page_Amazon.com/input_field-keywords'

20-01-2024T19:29:24 - [MESSAGE][PASSED] - Text 'RNUBAE' is set on object 'Object Repository/Amazon_Pages_my orders_OR/Page_Amazon.com/input_field-keywords'

20-01-2024T19:29:24 - [TEST_STEP][PASSED] - click(findTestObject("Object Repository/Amazon_Pages_my orders_OR/Page_Amazon.com/button_Continue shopping")): Object: 'Object Repository/Amazon_Pages_my orders_OR/Page_Amazon.com/button_Continue shopping' is clicked on

20-01-2024T19:29:25 - [MESSAGE][PASSED] - Object: 'Object Repository/Amazon_Pages_my orders_OR/Page_Amazon.com/button_Continue shopping' is clicked on

20-01-2024T19:29:25 - [TEST_STEP][PASSED] - click(findTestObject("Object Repository/Amazon_Pages_my orders_OR/Page_Amazon.com. Spend less. Smile more/span_Orders")): Object: 'Object Repository/Amazon_Pages_my orders_OR/Page_Amazon.com. Spend less. Smile more/span_Orders' is clicked on

20-01-2024T19:29:45 - [MESSAGE][PASSED] - Object: 'Object Repository/Amazon_Pages_my orders_OR/Page_Amazon.com. Spend less. Smile more/span_Orders' is clicked on

20-01-2024T19:29:45 - [TEST_STEP][PASSED] - setText(findTestObject("Object Repository/Amazon_Pages_my orders_OR/Page_Amazon Sign-In/input_email"), "sivakumarkottana2000@gmail.com"): Text 'sivakumarkottana2000@gmail.com' is set on object 'Object Repository/Amazon_Pages_my orders_OR/Page_Amazon Sign-In/input_email'

20-01-2024T19:29:45 - [MESSAGE][PASSED] - Text 'sivakumarkottana2000@gmail.com' is set on object 'Object Repository/Amazon_Pages_my orders_OR/Page_Amazon Sign-In/input_email'

20-01-2024T19:29:45 - [TEST_STEP][PASSED] - click(findTestObject("Object Repository/Amazon_Pages_my orders_OR/Page_Amazon Sign-In/inputcontinue")): Object: 'Object Repository/Amazon_Pages_my orders_OR/Page_Amazon Sign-In/inputcontinue' is clicked on

20-01-2024T19:29:48 - [MESSAGE][PASSED] - Object: 'Object Repository/Amazon_Pages_my orders_OR/Page_Amazon Sign-In/inputcontinue' is clicked on

20-01-2024T19:29:48 - [TEST_STEP][PASSED] - setEncryptedText(findTestObject("Object Repository/Amazon_Pages_my orders_OR/Page_Amazon Sign-In/input_password"), "DTj8m5Ry/xZVxpyMM/dUZQ=="): Text ****** has been set on object 'Object Repository/Amazon_Pages_my orders_OR/Page_Amazon Sign-In/input_password'

20-01-2024T19:29:49 - [MESSAGE][PASSED] - Text ****** has been set on object 'Object Repository/Amazon_Pages_my orders_OR/Page_Amazon Sign-In/input_password'

20-01-2024T19:29:49 - [TEST_STEP][PASSED] - click(findTestObject("Object Repository/Amazon_Pages_my orders_OR/Page_Amazon Sign-In/inputsignInSubmit")): Object: 'Object Repository/Amazon_Pages_my orders_OR/Page_Amazon Sign-In/inputsignInSubmit' is clicked on

20-01-2024T19:29:49 - [MESSAGE][PASSED] - Object: 'Object Repository/Amazon_Pages_my orders_OR/Page_Amazon Sign-In/inputsignInSubmit' is clicked on

20-01-2024T19:29:49 - [TEST_STEP][PASSED] - closeBrowser(): Browser is closed

20-01-2024T19:29:49 - [MESSAGE][PASSED] - Browser is closed]]></system-out>
         <system-err><![CDATA[]]></system-err>
      </testcase>
      <system-out><![CDATA[20-01-2024T19:28:21 - [TEST_SUITE][PASSED] - Amazon_AddtoCart_MyOrder_TestSuite_003: Test Cases/Amazon/TC_Amazon_Validate_Myorders_006]]></system-out>
      <system-err><![CDATA[]]></system-err>
   </testsuite>
   <testsuite name="Amazon_Login_Logout_TestSuite_001" tests="2" failures="0" errors="0" time="70.776" skipped="0" timestamp="20-01-2024T19:30:01" hostname="KOTTANA SIVA KUMAR - LAPTOP-0GRNC2TD" id="Test Suites/Amazon_TestSuite/Amazon_Login_Logout_TestSuite_001">
      <properties>
         <property name="deviceName" value=""/>
         <property name="devicePlatform" value=""/>
         <property name="logFolder" value="C:\\Users\\KOTTANA SIVA KUMAR\\Katalon Studio\\Software Automation Testing with Katalon\\Reports\\20240120_192807\\Amazon_TestSuite\\Amazon_Login_Logout_TestSuite_001\\20240120_192810"/>
         <property name="logFiles" value="C:\\Users\\KOTTANA SIVA KUMAR\\Katalon Studio\\Software Automation Testing with Katalon\\Reports\\20240120_192807\\Amazon_TestSuite\\Amazon_Login_Logout_TestSuite_001\\20240120_192810\\execution0.log"/>
         <property name="attachments" value=""/>
         <property name="hostName" value="KOTTANA SIVA KUMAR - LAPTOP-0GRNC2TD"/>
         <property name="os" value="Windows 11 64bit"/>
         <property name="katalonVersion" value="9.1.0.212"/>
         <property name="browser" value="Chrome 120.0.0.0"/>
         <property name="hostAddress" value="192.168.55.103"/>
         <property name="sessionId" value="cce29d3458785f95c5616657fb5cbf5b"/>
         <property name="seleniumVersion" value="3.141.59"/>
         <property name="proxyInformation" value="ProxyInformation { proxyOption=NO_PROXY, proxyServerType=HTTP, username=, password=********, proxyServerAddress=, proxyServerPort=0, executionList=&quot;&quot;, isApplyToDesiredCapabilities=true }"/>
         <property name="platform" value="Windows 11"/>
      </properties>
      <testcase name="Test Cases/Amazon/TC_Amazon_Validate_Login-001" time="29.981" classname="Test Cases/Amazon/TC_Amazon_Validate_Login-001" status="PASSED">
         <system-out><![CDATA[20-01-2024T19:30:02 - [TEST_CASE][PASSED] - Test Cases/Amazon/TC_Amazon_Validate_Login-001: Test Cases/Amazon/TC_Amazon_Validate_Login-001

20-01-2024T19:30:02 - [TEST_STEP][PASSED] - openBrowser(""): Browser is opened with url: ''

20-01-2024T19:30:03 - [MESSAGE][INFO] - Starting 'Chrome' driver

20-01-2024T19:30:03 - [MESSAGE][INFO] - Action delay is set to 0 milliseconds

20-01-2024T19:30:04 - [MESSAGE][PASSED] - Browser is opened with url: ''

20-01-2024T19:30:04 - [TEST_STEP][PASSED] - navigateToUrl("https://www.amazon.com/"): Navigate to 'https://www.amazon.com/' successfully

20-01-2024T19:30:07 - [MESSAGE][PASSED] - Navigate to 'https://www.amazon.com/' successfully

20-01-2024T19:30:07 - [TEST_STEP][PASSED] - setText(findTestObject("Object Repository/Amazon_Pages_login_OR/Page_Amazon.com/input_field-keywords"), ""): Text '' is set on object 'Object Repository/Amazon_Pages_login_OR/Page_Amazon.com/input_field-keywords'

20-01-2024T19:30:08 - [MESSAGE][PASSED] - Text '' is set on object 'Object Repository/Amazon_Pages_login_OR/Page_Amazon.com/input_field-keywords'

20-01-2024T19:30:08 - [TEST_STEP][PASSED] - click(findTestObject("Object Repository/Amazon_Pages_login_OR/Page_Amazon.com/button_Continue shopping")): Object: 'Object Repository/Amazon_Pages_login_OR/Page_Amazon.com/button_Continue shopping' is clicked on

20-01-2024T19:30:09 - [MESSAGE][PASSED] - Object: 'Object Repository/Amazon_Pages_login_OR/Page_Amazon.com/button_Continue shopping' is clicked on

20-01-2024T19:30:09 - [TEST_STEP][PASSED] - click(findTestObject("Object Repository/Amazon_Pages_login_OR/Page_Amazon.com. Spend less. Smile more/span_Hello, sign in")): Object: 'Object Repository/Amazon_Pages_login_OR/Page_Amazon.com. Spend less. Smile more/span_Hello, sign in' is clicked on

20-01-2024T19:30:27 - [MESSAGE][PASSED] - Object: 'Object Repository/Amazon_Pages_login_OR/Page_Amazon.com. Spend less. Smile more/span_Hello, sign in' is clicked on

20-01-2024T19:30:27 - [TEST_STEP][PASSED] - setText(findTestObject("Object Repository/Amazon_Pages_login_OR/Page_Amazon Sign-In/input_email"), "sivakumarkottana2000@gmail.com"): Text 'sivakumarkottana2000@gmail.com' is set on object 'Object Repository/Amazon_Pages_login_OR/Page_Amazon Sign-In/input_email'

20-01-2024T19:30:28 - [MESSAGE][PASSED] - Text 'sivakumarkottana2000@gmail.com' is set on object 'Object Repository/Amazon_Pages_login_OR/Page_Amazon Sign-In/input_email'

20-01-2024T19:30:28 - [TEST_STEP][PASSED] - click(findTestObject("Object Repository/Amazon_Pages_login_OR/Page_Amazon Sign-In/inputcontinue")): Object: 'Object Repository/Amazon_Pages_login_OR/Page_Amazon Sign-In/inputcontinue' is clicked on

20-01-2024T19:30:29 - [MESSAGE][PASSED] - Object: 'Object Repository/Amazon_Pages_login_OR/Page_Amazon Sign-In/inputcontinue' is clicked on

20-01-2024T19:30:29 - [TEST_STEP][PASSED] - setEncryptedText(findTestObject("Object Repository/Amazon_Pages_login_OR/Page_Amazon Sign-In/input_password"), "DTj8m5Ry/xZVxpyMM/dUZQ=="): Text ****** has been set on object 'Object Repository/Amazon_Pages_login_OR/Page_Amazon Sign-In/input_password'

20-01-2024T19:30:31 - [MESSAGE][PASSED] - Text ****** has been set on object 'Object Repository/Amazon_Pages_login_OR/Page_Amazon Sign-In/input_password'

20-01-2024T19:30:31 - [TEST_STEP][PASSED] - click(findTestObject("Object Repository/Amazon_Pages_login_OR/Page_Amazon Sign-In/inputsignInSubmit")): Object: 'Object Repository/Amazon_Pages_login_OR/Page_Amazon Sign-In/inputsignInSubmit' is clicked on

20-01-2024T19:30:31 - [MESSAGE][PASSED] - Object: 'Object Repository/Amazon_Pages_login_OR/Page_Amazon Sign-In/inputsignInSubmit' is clicked on

20-01-2024T19:30:31 - [TEST_STEP][PASSED] - closeBrowser(): Browser is closed

20-01-2024T19:30:32 - [MESSAGE][PASSED] - Browser is closed]]></system-out>
         <system-err><![CDATA[]]></system-err>
      </testcase>
      <testcase name="Test Cases/Amazon/TC_Amazon_Validation_Log out-002" time="40.484" classname="Test Cases/Amazon/TC_Amazon_Validation_Log out-002" status="PASSED">
         <system-out><![CDATA[20-01-2024T19:30:32 - [TEST_CASE][PASSED] - Test Cases/Amazon/TC_Amazon_Validation_Log out-002: Test Cases/Amazon/TC_Amazon_Validation_Log out-002

20-01-2024T19:30:32 - [TEST_STEP][PASSED] - openBrowser(""): Browser is opened with url: ''

20-01-2024T19:30:32 - [MESSAGE][INFO] - Starting 'Chrome' driver

20-01-2024T19:30:32 - [MESSAGE][INFO] - Action delay is set to 0 milliseconds

20-01-2024T19:30:33 - [MESSAGE][PASSED] - Browser is opened with url: ''

20-01-2024T19:30:33 - [TEST_STEP][PASSED] - navigateToUrl("https://www.amazon.com/"): Navigate to 'https://www.amazon.com/' successfully

20-01-2024T19:30:35 - [MESSAGE][PASSED] - Navigate to 'https://www.amazon.com/' successfully

20-01-2024T19:30:35 - [TEST_STEP][PASSED] - setText(findTestObject("Object Repository/Amazon_Pages_log out_OR/Page_Amazon.com/input_field-keywords"), "EFRKNH"): Text 'EFRKNH' is set on object 'Object Repository/Amazon_Pages_log out_OR/Page_Amazon.com/input_field-keywords'

20-01-2024T19:30:36 - [MESSAGE][PASSED] - Text 'EFRKNH' is set on object 'Object Repository/Amazon_Pages_log out_OR/Page_Amazon.com/input_field-keywords'

20-01-2024T19:30:36 - [TEST_STEP][PASSED] - click(findTestObject("Object Repository/Amazon_Pages_log out_OR/Page_Amazon.com/button_Continue shopping")): Object: 'Object Repository/Amazon_Pages_log out_OR/Page_Amazon.com/button_Continue shopping' is clicked on

20-01-2024T19:30:37 - [MESSAGE][PASSED] - Object: 'Object Repository/Amazon_Pages_log out_OR/Page_Amazon.com/button_Continue shopping' is clicked on

20-01-2024T19:30:37 - [TEST_STEP][PASSED] - click(findTestObject("Object Repository/Amazon_Pages_log out_OR/Page_Amazon.com. Spend less. Smile more/span_Hello, sign in")): Object: 'Object Repository/Amazon_Pages_log out_OR/Page_Amazon.com. Spend less. Smile more/span_Hello, sign in' is clicked on

20-01-2024T19:30:54 - [MESSAGE][PASSED] - Object: 'Object Repository/Amazon_Pages_log out_OR/Page_Amazon.com. Spend less. Smile more/span_Hello, sign in' is clicked on

20-01-2024T19:30:54 - [TEST_STEP][PASSED] - setText(findTestObject("Object Repository/Amazon_Pages_log out_OR/Page_Amazon Sign-In/input_email"), "sivakumarkottana2000@gmail.com"): Text 'sivakumarkottana2000@gmail.com' is set on object 'Object Repository/Amazon_Pages_log out_OR/Page_Amazon Sign-In/input_email'

20-01-2024T19:30:55 - [MESSAGE][PASSED] - Text 'sivakumarkottana2000@gmail.com' is set on object 'Object Repository/Amazon_Pages_log out_OR/Page_Amazon Sign-In/input_email'

20-01-2024T19:30:55 - [TEST_STEP][PASSED] - click(findTestObject("Object Repository/Amazon_Pages_log out_OR/Page_Amazon Sign-In/inputcontinue")): Object: 'Object Repository/Amazon_Pages_log out_OR/Page_Amazon Sign-In/inputcontinue' is clicked on

20-01-2024T19:30:59 - [MESSAGE][PASSED] - Object: 'Object Repository/Amazon_Pages_log out_OR/Page_Amazon Sign-In/inputcontinue' is clicked on

20-01-2024T19:30:59 - [TEST_STEP][PASSED] - setEncryptedText(findTestObject("Object Repository/Amazon_Pages_log out_OR/Page_Amazon Sign-In/input_password"), "DTj8m5Ry/xZVxpyMM/dUZQ=="): Text ****** has been set on object 'Object Repository/Amazon_Pages_log out_OR/Page_Amazon Sign-In/input_password'

20-01-2024T19:30:59 - [MESSAGE][PASSED] - Text ****** has been set on object 'Object Repository/Amazon_Pages_log out_OR/Page_Amazon Sign-In/input_password'

20-01-2024T19:30:59 - [TEST_STEP][PASSED] - click(findTestObject("Object Repository/Amazon_Pages_log out_OR/Page_Amazon Sign-In/inputsignInSubmit")): Object: 'Object Repository/Amazon_Pages_log out_OR/Page_Amazon Sign-In/inputsignInSubmit' is clicked on

20-01-2024T19:31:00 - [MESSAGE][PASSED] - Object: 'Object Repository/Amazon_Pages_log out_OR/Page_Amazon Sign-In/inputsignInSubmit' is clicked on

20-01-2024T19:31:00 - [TEST_STEP][PASSED] - click(findTestObject("Object Repository/Amazon_Pages_log out_OR/Page_Amazon.com. Spend less. Smile more/span_All")): Object: 'Object Repository/Amazon_Pages_log out_OR/Page_Amazon.com. Spend less. Smile more/span_All' is clicked on

20-01-2024T19:31:07 - [MESSAGE][PASSED] - Object: 'Object Repository/Amazon_Pages_log out_OR/Page_Amazon.com. Spend less. Smile more/span_All' is clicked on

20-01-2024T19:31:07 - [TEST_STEP][PASSED] - click(findTestObject("Object Repository/Amazon_Pages_log out_OR/Page_Amazon.com. Spend less. Smile more/a_Sign Out")): Object: 'Object Repository/Amazon_Pages_log out_OR/Page_Amazon.com. Spend less. Smile more/a_Sign Out' is clicked on

20-01-2024T19:31:12 - [MESSAGE][PASSED] - Object: 'Object Repository/Amazon_Pages_log out_OR/Page_Amazon.com. Spend less. Smile more/a_Sign Out' is clicked on

20-01-2024T19:31:12 - [TEST_STEP][PASSED] - closeBrowser(): Browser is closed

20-01-2024T19:31:12 - [MESSAGE][PASSED] - Browser is closed]]></system-out>
         <system-err><![CDATA[]]></system-err>
      </testcase>
      <system-out><![CDATA[20-01-2024T19:30:01 - [TEST_SUITE][PASSED] - Amazon_Login_Logout_TestSuite_001: Test Cases/Amazon/TC_Amazon_Validation_Log out-002]]></system-out>
      <system-err><![CDATA[]]></system-err>
   </testsuite>
   <testsuite name="Amazon_Searchitem_Wishlist_Testsuite_002" tests="2" failures="0" errors="0" time="86.383" skipped="0" timestamp="20-01-2024T19:31:24" hostname="KOTTANA SIVA KUMAR - LAPTOP-0GRNC2TD" id="Test Suites/Amazon_TestSuite/Amazon_Searchitem_Wishlist_Testsuite_002">
      <properties>
         <property name="deviceName" value=""/>
         <property name="devicePlatform" value=""/>
         <property name="logFolder" value="C:\\Users\\KOTTANA SIVA KUMAR\\Katalon Studio\\Software Automation Testing with Katalon\\Reports\\20240120_192807\\Amazon_TestSuite\\Amazon_Searchitem_Wishlist_Testsuite_002\\20240120_192812"/>
         <property name="logFiles" value="C:\\Users\\KOTTANA SIVA KUMAR\\Katalon Studio\\Software Automation Testing with Katalon\\Reports\\20240120_192807\\Amazon_TestSuite\\Amazon_Searchitem_Wishlist_Testsuite_002\\20240120_192812\\execution0.log"/>
         <property name="attachments" value=""/>
         <property name="hostName" value="KOTTANA SIVA KUMAR - LAPTOP-0GRNC2TD"/>
         <property name="os" value="Windows 11 64bit"/>
         <property name="katalonVersion" value="9.1.0.212"/>
         <property name="browser" value="Chrome 120.0.0.0"/>
         <property name="hostAddress" value="192.168.55.103"/>
         <property name="sessionId" value="833080b055a2f2527d6d0c73d50c4cd6"/>
         <property name="seleniumVersion" value="3.141.59"/>
         <property name="proxyInformation" value="ProxyInformation { proxyOption=NO_PROXY, proxyServerType=HTTP, username=, password=********, proxyServerAddress=, proxyServerPort=0, executionList=&quot;&quot;, isApplyToDesiredCapabilities=true }"/>
         <property name="platform" value="Windows 11"/>
      </properties>
      <testcase name="Test Cases/Amazon/TC_Aamzon_Validate_Wishlist item-005" time="60.106" classname="Test Cases/Amazon/TC_Aamzon_Validate_Wishlist item-005" status="PASSED">
         <system-out><![CDATA[20-01-2024T19:31:24 - [TEST_CASE][PASSED] - Test Cases/Amazon/TC_Aamzon_Validate_Wishlist item-005: Test Cases/Amazon/TC_Aamzon_Validate_Wishlist item-005

20-01-2024T19:31:25 - [TEST_STEP][PASSED] - openBrowser(""): Browser is opened with url: ''

20-01-2024T19:31:25 - [MESSAGE][INFO] - Starting 'Chrome' driver

20-01-2024T19:31:25 - [MESSAGE][INFO] - Action delay is set to 0 milliseconds

20-01-2024T19:31:27 - [MESSAGE][PASSED] - Browser is opened with url: ''

20-01-2024T19:31:27 - [TEST_STEP][PASSED] - navigateToUrl("https://www.amazon.com/"): Navigate to 'https://www.amazon.com/' successfully

20-01-2024T19:31:29 - [MESSAGE][PASSED] - Navigate to 'https://www.amazon.com/' successfully

20-01-2024T19:31:29 - [TEST_STEP][PASSED] - setText(findTestObject("Object Repository/Amazon_Pages_Add to Wishlist_OR/Page_Amazon.com/input_field-keywords"), "LACNMU"): Text 'LACNMU' is set on object 'Object Repository/Amazon_Pages_Add to Wishlist_OR/Page_Amazon.com/input_field-keywords'

20-01-2024T19:31:30 - [MESSAGE][PASSED] - Text 'LACNMU' is set on object 'Object Repository/Amazon_Pages_Add to Wishlist_OR/Page_Amazon.com/input_field-keywords'

20-01-2024T19:31:30 - [TEST_STEP][PASSED] - click(findTestObject("Object Repository/Amazon_Pages_Add to Wishlist_OR/Page_Amazon.com/button_Continue shopping")): Object: 'Object Repository/Amazon_Pages_Add to Wishlist_OR/Page_Amazon.com/button_Continue shopping' is clicked on

20-01-2024T19:31:31 - [MESSAGE][PASSED] - Object: 'Object Repository/Amazon_Pages_Add to Wishlist_OR/Page_Amazon.com/button_Continue shopping' is clicked on

20-01-2024T19:31:31 - [TEST_STEP][PASSED] - selectOptionByValue(findTestObject("Object Repository/Amazon_Pages_Add to Wishlist_OR/Page_Amazon.com. Spend less. Smile more/select_All Departments        Arts  Crafts _135c92"), "search-alias=stripbooks-intl-ship", true): All options with value 'search-alias=stripbooks-intl-ship' are selected in object 'Object Repository/Amazon_Pages_Add to Wishlist_OR/Page_Amazon.com. Spend less. Smile more/select_All Departments        Arts  Crafts _135c92'  using regular expression

20-01-2024T19:31:44 - [MESSAGE][PASSED] - All options with value 'search-alias=stripbooks-intl-ship' are selected in object 'Object Repository/Amazon_Pages_Add to Wishlist_OR/Page_Amazon.com. Spend less. Smile more/select_All Departments        Arts  Crafts _135c92'  using regular expression

20-01-2024T19:31:44 - [TEST_STEP][PASSED] - setText(findTestObject("Object Repository/Amazon_Pages_Add to Wishlist_OR/Page_Amazon.com. Spend less. Smile more/input_field-keywords"), "Da vinci code"): Text 'Da vinci code' is set on object 'Object Repository/Amazon_Pages_Add to Wishlist_OR/Page_Amazon.com. Spend less. Smile more/input_field-keywords'

20-01-2024T19:31:46 - [MESSAGE][PASSED] - Text 'Da vinci code' is set on object 'Object Repository/Amazon_Pages_Add to Wishlist_OR/Page_Amazon.com. Spend less. Smile more/input_field-keywords'

20-01-2024T19:31:46 - [TEST_STEP][PASSED] - click(findTestObject("Object Repository/Amazon_Pages_Add to Wishlist_OR/Page_Amazon.com. Spend less. Smile more/inputnav-search-submit-button")): Object: 'Object Repository/Amazon_Pages_Add to Wishlist_OR/Page_Amazon.com. Spend less. Smile more/inputnav-search-submit-button' is clicked on

20-01-2024T19:31:52 - [MESSAGE][PASSED] - Object: 'Object Repository/Amazon_Pages_Add to Wishlist_OR/Page_Amazon.com. Spend less. Smile more/inputnav-search-submit-button' is clicked on

20-01-2024T19:31:52 - [TEST_STEP][PASSED] - click(findTestObject("Object Repository/Amazon_Pages_Add to Wishlist_OR/Page_Amazon.com  Da vinci code/span_The Da Vinci Code (Robert Langdon)")): Object: 'Object Repository/Amazon_Pages_Add to Wishlist_OR/Page_Amazon.com  Da vinci code/span_The Da Vinci Code (Robert Langdon)' is clicked on

20-01-2024T19:32:02 - [MESSAGE][PASSED] - Object: 'Object Repository/Amazon_Pages_Add to Wishlist_OR/Page_Amazon.com  Da vinci code/span_The Da Vinci Code (Robert Langdon)' is clicked on

20-01-2024T19:32:02 - [TEST_STEP][PASSED] - click(findTestObject("Object Repository/Amazon_Pages_Add to Wishlist_OR/Page_The Da Vinci Code (Robert Langdon) Bro_e0923b/a_Add to List")): Object: 'Object Repository/Amazon_Pages_Add to Wishlist_OR/Page_The Da Vinci Code (Robert Langdon) Bro_e0923b/a_Add to List' is clicked on

20-01-2024T19:32:07 - [MESSAGE][PASSED] - Object: 'Object Repository/Amazon_Pages_Add to Wishlist_OR/Page_The Da Vinci Code (Robert Langdon) Bro_e0923b/a_Add to List' is clicked on

20-01-2024T19:32:07 - [TEST_STEP][PASSED] - setText(findTestObject("Object Repository/Amazon_Pages_Add to Wishlist_OR/Page_Amazon Sign-In/input_email"), "sivakumarkottana2000@gmail.com"): Text 'sivakumarkottana2000@gmail.com' is set on object 'Object Repository/Amazon_Pages_Add to Wishlist_OR/Page_Amazon Sign-In/input_email'

20-01-2024T19:32:09 - [MESSAGE][PASSED] - Text 'sivakumarkottana2000@gmail.com' is set on object 'Object Repository/Amazon_Pages_Add to Wishlist_OR/Page_Amazon Sign-In/input_email'

20-01-2024T19:32:09 - [TEST_STEP][PASSED] - click(findTestObject("Object Repository/Amazon_Pages_Add to Wishlist_OR/Page_Amazon Sign-In/inputcontinue")): Object: 'Object Repository/Amazon_Pages_Add to Wishlist_OR/Page_Amazon Sign-In/inputcontinue' is clicked on

20-01-2024T19:32:11 - [MESSAGE][PASSED] - Object: 'Object Repository/Amazon_Pages_Add to Wishlist_OR/Page_Amazon Sign-In/inputcontinue' is clicked on

20-01-2024T19:32:11 - [TEST_STEP][PASSED] - setEncryptedText(findTestObject("Object Repository/Amazon_Pages_Add to Wishlist_OR/Page_Amazon Sign-In/input_password"), "DTj8m5Ry/xZVxpyMM/dUZQ=="): Text ****** has been set on object 'Object Repository/Amazon_Pages_Add to Wishlist_OR/Page_Amazon Sign-In/input_password'

20-01-2024T19:32:12 - [MESSAGE][PASSED] - Text ****** has been set on object 'Object Repository/Amazon_Pages_Add to Wishlist_OR/Page_Amazon Sign-In/input_password'

20-01-2024T19:32:12 - [TEST_STEP][PASSED] - click(findTestObject("Object Repository/Amazon_Pages_Add to Wishlist_OR/Page_Amazon Sign-In/inputsignInSubmit")): Object: 'Object Repository/Amazon_Pages_Add to Wishlist_OR/Page_Amazon Sign-In/inputsignInSubmit' is clicked on

20-01-2024T19:32:13 - [MESSAGE][PASSED] - Object: 'Object Repository/Amazon_Pages_Add to Wishlist_OR/Page_Amazon Sign-In/inputsignInSubmit' is clicked on

20-01-2024T19:32:13 - [TEST_STEP][PASSED] - click(findTestObject("Object Repository/Amazon_Pages_Add to Wishlist_OR/Page_The Da Vinci Code (Robert Langdon) Bro_e0923b/input_submit.add-to-registry.wishlist")): Object: 'Object Repository/Amazon_Pages_Add to Wishlist_OR/Page_The Da Vinci Code (Robert Langdon) Bro_e0923b/input_submit.add-to-registry.wishlist' is clicked on

20-01-2024T19:32:22 - [MESSAGE][PASSED] - Object: 'Object Repository/Amazon_Pages_Add to Wishlist_OR/Page_The Da Vinci Code (Robert Langdon) Bro_e0923b/input_submit.add-to-registry.wishlist' is clicked on

20-01-2024T19:32:22 - [TEST_STEP][PASSED] - click(findTestObject("Object Repository/Amazon_Pages_Add to Wishlist_OR/Page_The Da Vinci Code (Robert Langdon) Bro_e0923b/i_a-icon a-icon-close")): Object: 'Object Repository/Amazon_Pages_Add to Wishlist_OR/Page_The Da Vinci Code (Robert Langdon) Bro_e0923b/i_a-icon a-icon-close' is clicked on

20-01-2024T19:32:24 - [MESSAGE][PASSED] - Object: 'Object Repository/Amazon_Pages_Add to Wishlist_OR/Page_The Da Vinci Code (Robert Langdon) Bro_e0923b/i_a-icon a-icon-close' is clicked on

20-01-2024T19:32:24 - [TEST_STEP][PASSED] - closeBrowser(): Browser is closed

20-01-2024T19:32:24 - [MESSAGE][PASSED] - Browser is closed]]></system-out>
         <system-err><![CDATA[]]></system-err>
      </testcase>
      <testcase name="Test Cases/Amazon/TC_Amazon_Validation_Search item-003" time="25.978" classname="Test Cases/Amazon/TC_Amazon_Validation_Search item-003" status="PASSED">
         <system-out><![CDATA[20-01-2024T19:32:24 - [TEST_CASE][PASSED] - Test Cases/Amazon/TC_Amazon_Validation_Search item-003: Test Cases/Amazon/TC_Amazon_Validation_Search item-003

20-01-2024T19:32:25 - [TEST_STEP][PASSED] - openBrowser(""): Browser is opened with url: ''

20-01-2024T19:32:25 - [MESSAGE][INFO] - Starting 'Chrome' driver

20-01-2024T19:32:25 - [MESSAGE][INFO] - Action delay is set to 0 milliseconds

20-01-2024T19:32:25 - [MESSAGE][PASSED] - Browser is opened with url: ''

20-01-2024T19:32:25 - [TEST_STEP][PASSED] - navigateToUrl("https://www.amazon.com/"): Navigate to 'https://www.amazon.com/' successfully

20-01-2024T19:32:27 - [MESSAGE][PASSED] - Navigate to 'https://www.amazon.com/' successfully

20-01-2024T19:32:27 - [TEST_STEP][PASSED] - setText(findTestObject("Object Repository/Amzon_Pages_search item_OR/Page_Amazon.com/input_field-keywords"), "BPJJTG"): Text 'BPJJTG' is set on object 'Object Repository/Amzon_Pages_search item_OR/Page_Amazon.com/input_field-keywords'

20-01-2024T19:32:28 - [MESSAGE][PASSED] - Text 'BPJJTG' is set on object 'Object Repository/Amzon_Pages_search item_OR/Page_Amazon.com/input_field-keywords'

20-01-2024T19:32:28 - [TEST_STEP][PASSED] - click(findTestObject("Object Repository/Amzon_Pages_search item_OR/Page_Amazon.com/button_Continue shopping")): Object: 'Object Repository/Amzon_Pages_search item_OR/Page_Amazon.com/button_Continue shopping' is clicked on

20-01-2024T19:32:29 - [MESSAGE][PASSED] - Object: 'Object Repository/Amzon_Pages_search item_OR/Page_Amazon.com/button_Continue shopping' is clicked on

20-01-2024T19:32:29 - [TEST_STEP][PASSED] - selectOptionByValue(findTestObject("Object Repository/Amzon_Pages_search item_OR/Page_Amazon.com. Spend less. Smile more/select_All Departments        Arts  Crafts _135c92"), "search-alias=stripbooks-intl-ship", true): All options with value 'search-alias=stripbooks-intl-ship' are selected in object 'Object Repository/Amzon_Pages_search item_OR/Page_Amazon.com. Spend less. Smile more/select_All Departments        Arts  Crafts _135c92'  using regular expression

20-01-2024T19:32:41 - [MESSAGE][PASSED] - All options with value 'search-alias=stripbooks-intl-ship' are selected in object 'Object Repository/Amzon_Pages_search item_OR/Page_Amazon.com. Spend less. Smile more/select_All Departments        Arts  Crafts _135c92'  using regular expression

20-01-2024T19:32:41 - [TEST_STEP][PASSED] - setText(findTestObject("Object Repository/Amzon_Pages_search item_OR/Page_Amazon.com. Spend less. Smile more/input_field-keywords"), "Da vinci code"): Text 'Da vinci code' is set on object 'Object Repository/Amzon_Pages_search item_OR/Page_Amazon.com. Spend less. Smile more/input_field-keywords'

20-01-2024T19:32:42 - [MESSAGE][PASSED] - Text 'Da vinci code' is set on object 'Object Repository/Amzon_Pages_search item_OR/Page_Amazon.com. Spend less. Smile more/input_field-keywords'

20-01-2024T19:32:42 - [TEST_STEP][PASSED] - click(findTestObject("Object Repository/Amzon_Pages_search item_OR/Page_Amazon.com. Spend less. Smile more/inputnav-search-submit-button")): Object: 'Object Repository/Amzon_Pages_search item_OR/Page_Amazon.com. Spend less. Smile more/inputnav-search-submit-button' is clicked on

20-01-2024T19:32:50 - [MESSAGE][PASSED] - Object: 'Object Repository/Amzon_Pages_search item_OR/Page_Amazon.com. Spend less. Smile more/inputnav-search-submit-button' is clicked on

20-01-2024T19:32:50 - [TEST_STEP][PASSED] - closeBrowser(): Browser is closed

20-01-2024T19:32:50 - [MESSAGE][PASSED] - Browser is closed]]></system-out>
         <system-err><![CDATA[]]></system-err>
      </testcase>
      <system-out><![CDATA[20-01-2024T19:31:24 - [TEST_SUITE][PASSED] - Amazon_Searchitem_Wishlist_Testsuite_002: Test Cases/Amazon/TC_Amazon_Validation_Search item-003]]></system-out>
      <system-err><![CDATA[]]></system-err>
   </testsuite>
</testsuites>
