<?xml version="1.0" encoding="UTF-8"?>
<testsuites name="DDT_Amazon_Categoryvalidation_testsuite" time="257.563" tests="6" failures="0" errors="0">
   <testsuite name="DDT_Amazon_Categoryvalidation_testsuite" tests="6" failures="0" errors="0" time="257.563" skipped="0" timestamp="21-01-2024T19:09:52" hostname="KOTTANA SIVA KUMAR - LAPTOP-0GRNC2TD" id="Test Suites/DDT_Amazon_Ctegory_Testsuite/DDT_Amazon_Categoryvalidation_testsuite">
      <properties>
         <property name="deviceName" value=""/>
         <property name="devicePlatform" value=""/>
         <property name="logFolder" value="C:\\Users\\KOTTANA SIVA KUMAR\\Katalon Studio\\Software Automation Testing with Katalon\\Reports\\20240121_190943\\DDT_Amazon_Ctegory_Testsuite\\DDT_Amazon_Categoryvalidation_testsuite\\20240121_190943"/>
         <property name="logFiles" value="C:\\Users\\KOTTANA SIVA KUMAR\\Katalon Studio\\Software Automation Testing with Katalon\\Reports\\20240121_190943\\DDT_Amazon_Ctegory_Testsuite\\DDT_Amazon_Categoryvalidation_testsuite\\20240121_190943\\execution0.log"/>
         <property name="attachments" value=""/>
         <property name="hostName" value="KOTTANA SIVA KUMAR - LAPTOP-0GRNC2TD"/>
         <property name="os" value="Windows 11 64bit"/>
         <property name="katalonVersion" value="9.1.0.212"/>
         <property name="browser" value="Chrome 120.0.0.0"/>
         <property name="hostAddress" value="192.168.55.103"/>
         <property name="sessionId" value="a5496a0393ecff13b235aecd17916232"/>
         <property name="seleniumVersion" value="3.141.59"/>
         <property name="proxyInformation" value="ProxyInformation { proxyOption=NO_PROXY, proxyServerType=HTTP, username=, password=********, proxyServerAddress=, proxyServerPort=0, executionList=&quot;&quot;, isApplyToDesiredCapabilities=true }"/>
         <property name="platform" value="Windows 11"/>
      </properties>
      <testcase name="Test Cases/Data_Driven_Testing/TC_Validation Amazon Category_Excel_001" time="45.999" classname="Test Cases/Data_Driven_Testing/TC_Validation Amazon Category_Excel_001" status="PASSED">
         <system-out><![CDATA[21-01-2024T19:09:52 - [TEST_CASE][PASSED] - Test Cases/Data_Driven_Testing/TC_Validation Amazon Category_Excel_001: Test Cases/Data_Driven_Testing/TC_Validation Amazon Category_Excel_001

21-01-2024T19:09:53 - [TEST_STEP][PASSED] - openBrowser(""): Browser is opened with url: ''

21-01-2024T19:09:53 - [MESSAGE][INFO] - Starting 'Chrome' driver

21-01-2024T19:09:53 - [MESSAGE][INFO] - Action delay is set to 0 milliseconds

21-01-2024T19:09:55 - [MESSAGE][PASSED] - Browser is opened with url: ''

21-01-2024T19:09:55 - [TEST_STEP][PASSED] - navigateToUrl("http://www.amazon.com"): Navigate to 'http://www.amazon.com' successfully

21-01-2024T19:09:58 - [MESSAGE][PASSED] - Navigate to 'http://www.amazon.com' successfully

21-01-2024T19:09:58 - [TEST_STEP][PASSED] - selectOptionByLabel(findTestObject("Amazon_Category_validation_excel_OR/Page_Amazon.com. Spend less. Smile more/CategoryElement"), category, false): All options with label 'Books' are selected in object 'Object Repository/Amazon_Category_validation_excel_OR/Page_Amazon.com. Spend less. Smile more/CategoryElement' 

21-01-2024T19:10:12 - [MESSAGE][PASSED] - All options with label 'Books' are selected in object 'Object Repository/Amazon_Category_validation_excel_OR/Page_Amazon.com. Spend less. Smile more/CategoryElement' 

21-01-2024T19:10:12 - [TEST_STEP][PASSED] - setText(findTestObject("Amazon_Category_validation_excel_OR/Page_Amazon.com. Spend less. Smile more/input_Search Amazon_field-keywords"), item): Text 'Da vinci code' is set on object 'Object Repository/Amazon_Category_validation_excel_OR/Page_Amazon.com. Spend less. Smile more/input_Search Amazon_field-keywords'

21-01-2024T19:10:14 - [MESSAGE][PASSED] - Text 'Da vinci code' is set on object 'Object Repository/Amazon_Category_validation_excel_OR/Page_Amazon.com. Spend less. Smile more/input_Search Amazon_field-keywords'

21-01-2024T19:10:14 - [TEST_STEP][PASSED] - click(findTestObject("Amazon_Category_validation_excel_OR/Page_Amazon.com. Spend less. Smile more/input_Search Amazon_nav-search-submit-button")): Object: 'Object Repository/Amazon_Category_validation_excel_OR/Page_Amazon.com. Spend less. Smile more/input_Search Amazon_nav-search-submit-button' is clicked on

21-01-2024T19:10:38 - [MESSAGE][PASSED] - Object: 'Object Repository/Amazon_Category_validation_excel_OR/Page_Amazon.com. Spend less. Smile more/input_Search Amazon_nav-search-submit-button' is clicked on

21-01-2024T19:10:38 - [TEST_STEP][PASSED] - closeBrowser(): Browser is closed

21-01-2024T19:10:38 - [MESSAGE][PASSED] - Browser is closed]]></system-out>
         <system-err><![CDATA[]]></system-err>
      </testcase>
      <testcase name="Test Cases/Data_Driven_Testing/TC_Validation Amazon Category_Excel_001" time="48.367" classname="Test Cases/Data_Driven_Testing/TC_Validation Amazon Category_Excel_001" status="PASSED">
         <system-out><![CDATA[21-01-2024T19:10:39 - [TEST_CASE][PASSED] - Test Cases/Data_Driven_Testing/TC_Validation Amazon Category_Excel_001: Test Cases/Data_Driven_Testing/TC_Validation Amazon Category_Excel_001

21-01-2024T19:10:39 - [TEST_STEP][PASSED] - openBrowser(""): Browser is opened with url: ''

21-01-2024T19:10:39 - [MESSAGE][INFO] - Starting 'Chrome' driver

21-01-2024T19:10:39 - [MESSAGE][INFO] - Action delay is set to 0 milliseconds

21-01-2024T19:10:39 - [MESSAGE][PASSED] - Browser is opened with url: ''

21-01-2024T19:10:39 - [TEST_STEP][PASSED] - navigateToUrl("http://www.amazon.com"): Navigate to 'http://www.amazon.com' successfully

21-01-2024T19:10:42 - [MESSAGE][PASSED] - Navigate to 'http://www.amazon.com' successfully

21-01-2024T19:10:42 - [TEST_STEP][PASSED] - selectOptionByLabel(findTestObject("Amazon_Category_validation_excel_OR/Page_Amazon.com. Spend less. Smile more/CategoryElement"), category, false): All options with label 'Electronics' are selected in object 'Object Repository/Amazon_Category_validation_excel_OR/Page_Amazon.com. Spend less. Smile more/CategoryElement' 

21-01-2024T19:11:14 - [MESSAGE][INFO] - Unable to find the element located by 'By.xpath: //select[@id='searchDropdownBox']'. Please recheck the objects properties to make sure the desired element is located. 

21-01-2024T19:11:14 - [MESSAGE][WARNING] - [SELF-HEALING] Failed to find element with id 'Object Repository/Amazon_Category_validation_excel_OR/Page_Amazon.com. Spend less. Smile more/CategoryElement'. Try using Self-healing.

21-01-2024T19:11:16 - [MESSAGE][WARNING] - [SELF-HEALING] The current locator of test object 'Object Repository/Amazon_Category_validation_excel_OR/Page_Amazon.com. Spend less. Smile more/CategoryElement' was broken. Propose an alternative one: '#searchDropdownBox'.

21-01-2024T19:11:16 - [MESSAGE][PASSED] - All options with label 'Electronics' are selected in object 'Object Repository/Amazon_Category_validation_excel_OR/Page_Amazon.com. Spend less. Smile more/CategoryElement' 

21-01-2024T19:11:16 - [TEST_STEP][PASSED] - setText(findTestObject("Amazon_Category_validation_excel_OR/Page_Amazon.com. Spend less. Smile more/input_Search Amazon_field-keywords"), item): Text ' Mobile phones' is set on object 'Object Repository/Amazon_Category_validation_excel_OR/Page_Amazon.com. Spend less. Smile more/input_Search Amazon_field-keywords'

21-01-2024T19:11:18 - [MESSAGE][PASSED] - Text ' Mobile phones' is set on object 'Object Repository/Amazon_Category_validation_excel_OR/Page_Amazon.com. Spend less. Smile more/input_Search Amazon_field-keywords'

21-01-2024T19:11:18 - [TEST_STEP][PASSED] - click(findTestObject("Amazon_Category_validation_excel_OR/Page_Amazon.com. Spend less. Smile more/input_Search Amazon_nav-search-submit-button")): Object: 'Object Repository/Amazon_Category_validation_excel_OR/Page_Amazon.com. Spend less. Smile more/input_Search Amazon_nav-search-submit-button' is clicked on

21-01-2024T19:11:26 - [MESSAGE][PASSED] - Object: 'Object Repository/Amazon_Category_validation_excel_OR/Page_Amazon.com. Spend less. Smile more/input_Search Amazon_nav-search-submit-button' is clicked on

21-01-2024T19:11:26 - [TEST_STEP][PASSED] - closeBrowser(): Browser is closed

21-01-2024T19:11:27 - [MESSAGE][PASSED] - Browser is closed]]></system-out>
         <system-err><![CDATA[]]></system-err>
      </testcase>
      <testcase name="Test Cases/Data_Driven_Testing/TC_Validation Amazon Category_Excel_001" time="37.264" classname="Test Cases/Data_Driven_Testing/TC_Validation Amazon Category_Excel_001" status="PASSED">
         <system-out><![CDATA[21-01-2024T19:11:27 - [TEST_CASE][PASSED] - Test Cases/Data_Driven_Testing/TC_Validation Amazon Category_Excel_001: Test Cases/Data_Driven_Testing/TC_Validation Amazon Category_Excel_001

21-01-2024T19:11:27 - [TEST_STEP][PASSED] - openBrowser(""): Browser is opened with url: ''

21-01-2024T19:11:27 - [MESSAGE][INFO] - Starting 'Chrome' driver

21-01-2024T19:11:27 - [MESSAGE][INFO] - Action delay is set to 0 milliseconds

21-01-2024T19:11:28 - [MESSAGE][PASSED] - Browser is opened with url: ''

21-01-2024T19:11:28 - [TEST_STEP][PASSED] - navigateToUrl("http://www.amazon.com"): Navigate to 'http://www.amazon.com' successfully

21-01-2024T19:11:30 - [MESSAGE][PASSED] - Navigate to 'http://www.amazon.com' successfully

21-01-2024T19:11:30 - [TEST_STEP][PASSED] - selectOptionByLabel(findTestObject("Amazon_Category_validation_excel_OR/Page_Amazon.com. Spend less. Smile more/CategoryElement"), category, false): All options with label 'Baby' are selected in object 'Object Repository/Amazon_Category_validation_excel_OR/Page_Amazon.com. Spend less. Smile more/CategoryElement' 

21-01-2024T19:11:44 - [MESSAGE][PASSED] - All options with label 'Baby' are selected in object 'Object Repository/Amazon_Category_validation_excel_OR/Page_Amazon.com. Spend less. Smile more/CategoryElement' 

21-01-2024T19:11:44 - [TEST_STEP][PASSED] - setText(findTestObject("Amazon_Category_validation_excel_OR/Page_Amazon.com. Spend less. Smile more/input_Search Amazon_field-keywords"), item): Text ' Walkers' is set on object 'Object Repository/Amazon_Category_validation_excel_OR/Page_Amazon.com. Spend less. Smile more/input_Search Amazon_field-keywords'

21-01-2024T19:11:46 - [MESSAGE][PASSED] - Text ' Walkers' is set on object 'Object Repository/Amazon_Category_validation_excel_OR/Page_Amazon.com. Spend less. Smile more/input_Search Amazon_field-keywords'

21-01-2024T19:11:46 - [TEST_STEP][PASSED] - click(findTestObject("Amazon_Category_validation_excel_OR/Page_Amazon.com. Spend less. Smile more/input_Search Amazon_nav-search-submit-button")): Object: 'Object Repository/Amazon_Category_validation_excel_OR/Page_Amazon.com. Spend less. Smile more/input_Search Amazon_nav-search-submit-button' is clicked on

21-01-2024T19:12:04 - [MESSAGE][PASSED] - Object: 'Object Repository/Amazon_Category_validation_excel_OR/Page_Amazon.com. Spend less. Smile more/input_Search Amazon_nav-search-submit-button' is clicked on

21-01-2024T19:12:04 - [TEST_STEP][PASSED] - closeBrowser(): Browser is closed

21-01-2024T19:12:04 - [MESSAGE][PASSED] - Browser is closed]]></system-out>
         <system-err><![CDATA[]]></system-err>
      </testcase>
      <testcase name="Test Cases/Data_Driven_Testing/TC_Validation Amazon Category_Excel_001" time="52.483" classname="Test Cases/Data_Driven_Testing/TC_Validation Amazon Category_Excel_001" status="PASSED">
         <system-out><![CDATA[21-01-2024T19:12:04 - [TEST_CASE][PASSED] - Test Cases/Data_Driven_Testing/TC_Validation Amazon Category_Excel_001: Test Cases/Data_Driven_Testing/TC_Validation Amazon Category_Excel_001

21-01-2024T19:12:04 - [TEST_STEP][PASSED] - openBrowser(""): Browser is opened with url: ''

21-01-2024T19:12:04 - [MESSAGE][INFO] - Starting 'Chrome' driver

21-01-2024T19:12:04 - [MESSAGE][INFO] - Action delay is set to 0 milliseconds

21-01-2024T19:12:06 - [MESSAGE][PASSED] - Browser is opened with url: ''

21-01-2024T19:12:06 - [TEST_STEP][PASSED] - navigateToUrl("http://www.amazon.com"): Navigate to 'http://www.amazon.com' successfully

21-01-2024T19:12:08 - [MESSAGE][PASSED] - Navigate to 'http://www.amazon.com' successfully

21-01-2024T19:12:08 - [TEST_STEP][PASSED] - selectOptionByLabel(findTestObject("Amazon_Category_validation_excel_OR/Page_Amazon.com. Spend less. Smile more/CategoryElement"), category, false): All options with label 'Boys' Fashion' are selected in object 'Object Repository/Amazon_Category_validation_excel_OR/Page_Amazon.com. Spend less. Smile more/CategoryElement' 

21-01-2024T19:12:45 - [MESSAGE][PASSED] - All options with label 'Boys' Fashion' are selected in object 'Object Repository/Amazon_Category_validation_excel_OR/Page_Amazon.com. Spend less. Smile more/CategoryElement' 

21-01-2024T19:12:45 - [TEST_STEP][PASSED] - setText(findTestObject("Amazon_Category_validation_excel_OR/Page_Amazon.com. Spend less. Smile more/input_Search Amazon_field-keywords"), item): Text 'Shirts' is set on object 'Object Repository/Amazon_Category_validation_excel_OR/Page_Amazon.com. Spend less. Smile more/input_Search Amazon_field-keywords'

21-01-2024T19:12:49 - [MESSAGE][PASSED] - Text 'Shirts' is set on object 'Object Repository/Amazon_Category_validation_excel_OR/Page_Amazon.com. Spend less. Smile more/input_Search Amazon_field-keywords'

21-01-2024T19:12:49 - [TEST_STEP][PASSED] - click(findTestObject("Amazon_Category_validation_excel_OR/Page_Amazon.com. Spend less. Smile more/input_Search Amazon_nav-search-submit-button")): Object: 'Object Repository/Amazon_Category_validation_excel_OR/Page_Amazon.com. Spend less. Smile more/input_Search Amazon_nav-search-submit-button' is clicked on

21-01-2024T19:12:57 - [MESSAGE][PASSED] - Object: 'Object Repository/Amazon_Category_validation_excel_OR/Page_Amazon.com. Spend less. Smile more/input_Search Amazon_nav-search-submit-button' is clicked on

21-01-2024T19:12:57 - [TEST_STEP][PASSED] - closeBrowser(): Browser is closed

21-01-2024T19:12:57 - [MESSAGE][PASSED] - Browser is closed]]></system-out>
         <system-err><![CDATA[]]></system-err>
      </testcase>
      <testcase name="Test Cases/Data_Driven_Testing/TC_Validation Amazon Category_Excel_001" time="37.226" classname="Test Cases/Data_Driven_Testing/TC_Validation Amazon Category_Excel_001" status="PASSED">
         <system-out><![CDATA[21-01-2024T19:12:57 - [TEST_CASE][PASSED] - Test Cases/Data_Driven_Testing/TC_Validation Amazon Category_Excel_001: Test Cases/Data_Driven_Testing/TC_Validation Amazon Category_Excel_001

21-01-2024T19:12:57 - [TEST_STEP][PASSED] - openBrowser(""): Browser is opened with url: ''

21-01-2024T19:12:57 - [MESSAGE][INFO] - Starting 'Chrome' driver

21-01-2024T19:12:57 - [MESSAGE][INFO] - Action delay is set to 0 milliseconds

21-01-2024T19:12:58 - [MESSAGE][PASSED] - Browser is opened with url: ''

21-01-2024T19:12:58 - [TEST_STEP][PASSED] - navigateToUrl("http://www.amazon.com"): Navigate to 'http://www.amazon.com' successfully

21-01-2024T19:13:01 - [MESSAGE][PASSED] - Navigate to 'http://www.amazon.com' successfully

21-01-2024T19:13:01 - [TEST_STEP][PASSED] - selectOptionByLabel(findTestObject("Amazon_Category_validation_excel_OR/Page_Amazon.com. Spend less. Smile more/CategoryElement"), category, false): All options with label 'Luggage' are selected in object 'Object Repository/Amazon_Category_validation_excel_OR/Page_Amazon.com. Spend less. Smile more/CategoryElement' 

21-01-2024T19:13:15 - [MESSAGE][PASSED] - All options with label 'Luggage' are selected in object 'Object Repository/Amazon_Category_validation_excel_OR/Page_Amazon.com. Spend less. Smile more/CategoryElement' 

21-01-2024T19:13:15 - [TEST_STEP][PASSED] - setText(findTestObject("Amazon_Category_validation_excel_OR/Page_Amazon.com. Spend less. Smile more/input_Search Amazon_field-keywords"), item): Text 'Trolly  Bags' is set on object 'Object Repository/Amazon_Category_validation_excel_OR/Page_Amazon.com. Spend less. Smile more/input_Search Amazon_field-keywords'

21-01-2024T19:13:17 - [MESSAGE][PASSED] - Text 'Trolly  Bags' is set on object 'Object Repository/Amazon_Category_validation_excel_OR/Page_Amazon.com. Spend less. Smile more/input_Search Amazon_field-keywords'

21-01-2024T19:13:17 - [TEST_STEP][PASSED] - click(findTestObject("Amazon_Category_validation_excel_OR/Page_Amazon.com. Spend less. Smile more/input_Search Amazon_nav-search-submit-button")): Object: 'Object Repository/Amazon_Category_validation_excel_OR/Page_Amazon.com. Spend less. Smile more/input_Search Amazon_nav-search-submit-button' is clicked on

21-01-2024T19:13:34 - [MESSAGE][PASSED] - Object: 'Object Repository/Amazon_Category_validation_excel_OR/Page_Amazon.com. Spend less. Smile more/input_Search Amazon_nav-search-submit-button' is clicked on

21-01-2024T19:13:34 - [TEST_STEP][PASSED] - closeBrowser(): Browser is closed

21-01-2024T19:13:34 - [MESSAGE][PASSED] - Browser is closed]]></system-out>
         <system-err><![CDATA[]]></system-err>
      </testcase>
      <testcase name="Test Cases/Data_Driven_Testing/TC_Validation Amazon Category_Excel_001" time="35.468" classname="Test Cases/Data_Driven_Testing/TC_Validation Amazon Category_Excel_001" status="PASSED">
         <system-out><![CDATA[21-01-2024T19:13:34 - [TEST_CASE][PASSED] - Test Cases/Data_Driven_Testing/TC_Validation Amazon Category_Excel_001: Test Cases/Data_Driven_Testing/TC_Validation Amazon Category_Excel_001

21-01-2024T19:13:34 - [TEST_STEP][PASSED] - openBrowser(""): Browser is opened with url: ''

21-01-2024T19:13:34 - [MESSAGE][INFO] - Starting 'Chrome' driver

21-01-2024T19:13:34 - [MESSAGE][INFO] - Action delay is set to 0 milliseconds

21-01-2024T19:13:35 - [MESSAGE][PASSED] - Browser is opened with url: ''

21-01-2024T19:13:35 - [TEST_STEP][PASSED] - navigateToUrl("http://www.amazon.com"): Navigate to 'http://www.amazon.com' successfully

21-01-2024T19:13:36 - [MESSAGE][PASSED] - Navigate to 'http://www.amazon.com' successfully

21-01-2024T19:13:36 - [TEST_STEP][PASSED] - selectOptionByLabel(findTestObject("Amazon_Category_validation_excel_OR/Page_Amazon.com. Spend less. Smile more/CategoryElement"), category, false): All options with label 'Computers' are selected in object 'Object Repository/Amazon_Category_validation_excel_OR/Page_Amazon.com. Spend less. Smile more/CategoryElement' 

21-01-2024T19:13:54 - [MESSAGE][PASSED] - All options with label 'Computers' are selected in object 'Object Repository/Amazon_Category_validation_excel_OR/Page_Amazon.com. Spend less. Smile more/CategoryElement' 

21-01-2024T19:13:54 - [TEST_STEP][PASSED] - setText(findTestObject("Amazon_Category_validation_excel_OR/Page_Amazon.com. Spend less. Smile more/input_Search Amazon_field-keywords"), item): Text 'Laptop' is set on object 'Object Repository/Amazon_Category_validation_excel_OR/Page_Amazon.com. Spend less. Smile more/input_Search Amazon_field-keywords'

21-01-2024T19:13:58 - [MESSAGE][PASSED] - Text 'Laptop' is set on object 'Object Repository/Amazon_Category_validation_excel_OR/Page_Amazon.com. Spend less. Smile more/input_Search Amazon_field-keywords'

21-01-2024T19:13:58 - [TEST_STEP][PASSED] - click(findTestObject("Amazon_Category_validation_excel_OR/Page_Amazon.com. Spend less. Smile more/input_Search Amazon_nav-search-submit-button")): Object: 'Object Repository/Amazon_Category_validation_excel_OR/Page_Amazon.com. Spend less. Smile more/input_Search Amazon_nav-search-submit-button' is clicked on

21-01-2024T19:14:09 - [MESSAGE][PASSED] - Object: 'Object Repository/Amazon_Category_validation_excel_OR/Page_Amazon.com. Spend less. Smile more/input_Search Amazon_nav-search-submit-button' is clicked on

21-01-2024T19:14:09 - [TEST_STEP][PASSED] - closeBrowser(): Browser is closed

21-01-2024T19:14:10 - [MESSAGE][PASSED] - Browser is closed]]></system-out>
         <system-err><![CDATA[]]></system-err>
      </testcase>
      <system-out><![CDATA[21-01-2024T19:09:52 - [TEST_SUITE][PASSED] - DDT_Amazon_Categoryvalidation_testsuite: Test Cases/Data_Driven_Testing/TC_Validation Amazon Category_Excel_001]]></system-out>
      <system-err><![CDATA[]]></system-err>
   </testsuite>
</testsuites>
