<?xml version="1.0" encoding="UTF-8"?>
<testsuites name="TL_Amazon_Searchitem_Testsuite_003" time="35.998" tests="1" failures="0" errors="0">
   <testsuite name="TL_Amazon_Searchitem_Testsuite_003" tests="1" failures="0" errors="0" time="35.998" skipped="0" timestamp="22-01-2024T16:22:14" hostname="KOTTANA SIVA KUMAR - LAPTOP-0GRNC2TD" id="Test Suites/Amazon_TestSuite/TL_Amazon_Searchitem_Testsuite_003">
      <properties>
         <property name="deviceName" value=""/>
         <property name="devicePlatform" value=""/>
         <property name="logFolder" value="C:\\Users\\KOTTANA SIVA KUMAR\\Katalon Studio\\Software Automation Testing with Katalon\\Reports\\20240122_162208\\Amazon_TestSuite\\TL_Amazon_Searchitem_Testsuite_003\\20240122_162208"/>
         <property name="logFiles" value="C:\\Users\\KOTTANA SIVA KUMAR\\Katalon Studio\\Software Automation Testing with Katalon\\Reports\\20240122_162208\\Amazon_TestSuite\\TL_Amazon_Searchitem_Testsuite_003\\20240122_162208\\execution0.log"/>
         <property name="attachments" value=""/>
         <property name="hostName" value="KOTTANA SIVA KUMAR - LAPTOP-0GRNC2TD"/>
         <property name="os" value="Windows 11 64bit"/>
         <property name="katalonVersion" value="9.1.0.212"/>
         <property name="browser" value="Chrome 120.0.0.0"/>
         <property name="hostAddress" value="192.168.55.103"/>
         <property name="sessionId" value="29c25a9b40bb82498660f0719c8db1c4"/>
         <property name="seleniumVersion" value="3.141.59"/>
         <property name="proxyInformation" value="ProxyInformation { proxyOption=NO_PROXY, proxyServerType=HTTP, username=, password=********, proxyServerAddress=, proxyServerPort=0, executionList=&quot;&quot;, isApplyToDesiredCapabilities=true }"/>
         <property name="platform" value="Windows 11"/>
      </properties>
      <testcase name="Test Cases/Amazon/TC_Amazon_Validation_Search item-003" time="19.177" classname="Test Cases/Amazon/TC_Amazon_Validation_Search item-003" status="PASSED">
         <system-out><![CDATA[22-01-2024T16:22:31 - [TEST_CASE][PASSED] - Test Cases/Amazon/TC_Amazon_Validation_Search item-003: Test Cases/Amazon/TC_Amazon_Validation_Search item-003

22-01-2024T16:22:31 - [TEST_STEP][PASSED] - Start listener action : sampleBeforeTestCase: Object: 'Object Repository/Amazon_Search item_OR/Page_Amazon Sign-In/inputsignInSubmit' is clicked on

22-01-2024T16:22:31 - [TEST_STEP][PASSED] - setText(findTestObject("Object Repository/Amazon_Search item_OR/Page_Amazon Sign-In/input_email"), "sivakumarkottana2000@gmail.com"): Text 'sivakumarkottana2000@gmail.com' is set on object 'Object Repository/Amazon_Search item_OR/Page_Amazon Sign-In/input_email'

22-01-2024T16:22:32 - [MESSAGE][PASSED] - Text 'sivakumarkottana2000@gmail.com' is set on object 'Object Repository/Amazon_Search item_OR/Page_Amazon Sign-In/input_email'

22-01-2024T16:22:32 - [TEST_STEP][PASSED] - click(findTestObject("Object Repository/Amazon_Search item_OR/Page_Amazon Sign-In/inputcontinue")): Object: 'Object Repository/Amazon_Search item_OR/Page_Amazon Sign-In/inputcontinue' is clicked on

22-01-2024T16:22:34 - [MESSAGE][PASSED] - Object: 'Object Repository/Amazon_Search item_OR/Page_Amazon Sign-In/inputcontinue' is clicked on

22-01-2024T16:22:34 - [TEST_STEP][PASSED] - setEncryptedText(findTestObject("Object Repository/Amazon_Search item_OR/Page_Amazon Sign-In/input_password"), "DTj8m5Ry/xZVxpyMM/dUZQ=="): Text ****** has been set on object 'Object Repository/Amazon_Search item_OR/Page_Amazon Sign-In/input_password'

22-01-2024T16:22:34 - [MESSAGE][PASSED] - Text ****** has been set on object 'Object Repository/Amazon_Search item_OR/Page_Amazon Sign-In/input_password'

22-01-2024T16:22:34 - [TEST_STEP][PASSED] - click(findTestObject("Object Repository/Amazon_Search item_OR/Page_Amazon Sign-In/inputsignInSubmit")): Object: 'Object Repository/Amazon_Search item_OR/Page_Amazon Sign-In/inputsignInSubmit' is clicked on

22-01-2024T16:22:35 - [MESSAGE][PASSED] - Object: 'Object Repository/Amazon_Search item_OR/Page_Amazon Sign-In/inputsignInSubmit' is clicked on

22-01-2024T16:22:35 - [TEST_STEP][PASSED] - selectOptionByValue(findTestObject("Object Repository/Amazon_Search item_OR/Page_Amazon.com. Spend less. Smile more/select_All Departments        Arts  Crafts _135c92"), "search-alias=stripbooks-intl-ship", true): All options with value 'search-alias=stripbooks-intl-ship' are selected in object 'Object Repository/Amazon_Search item_OR/Page_Amazon.com. Spend less. Smile more/select_All Departments        Arts  Crafts _135c92'  using regular expression

22-01-2024T16:22:43 - [MESSAGE][PASSED] - All options with value 'search-alias=stripbooks-intl-ship' are selected in object 'Object Repository/Amazon_Search item_OR/Page_Amazon.com. Spend less. Smile more/select_All Departments        Arts  Crafts _135c92'  using regular expression

22-01-2024T16:22:43 - [TEST_STEP][PASSED] - setText(findTestObject("Object Repository/Amazon_Search item_OR/Page_Amazon.com. Spend less. Smile more/input_field-keywords"), "da vinci code"): Text 'da vinci code' is set on object 'Object Repository/Amazon_Search item_OR/Page_Amazon.com. Spend less. Smile more/input_field-keywords'

22-01-2024T16:22:44 - [MESSAGE][PASSED] - Text 'da vinci code' is set on object 'Object Repository/Amazon_Search item_OR/Page_Amazon.com. Spend less. Smile more/input_field-keywords'

22-01-2024T16:22:44 - [TEST_STEP][PASSED] - click(findTestObject("Object Repository/Amazon_Search item_OR/Page_Amazon.com. Spend less. Smile more/inputnav-search-submit-button")): Object: 'Object Repository/Amazon_Search item_OR/Page_Amazon.com. Spend less. Smile more/inputnav-search-submit-button' is clicked on

22-01-2024T16:22:50 - [MESSAGE][PASSED] - Object: 'Object Repository/Amazon_Search item_OR/Page_Amazon.com. Spend less. Smile more/inputnav-search-submit-button' is clicked on]]></system-out>
         <system-err><![CDATA[]]></system-err>
      </testcase>
      <system-out><![CDATA[22-01-2024T16:22:14 - [TEST_SUITE][PASSED] - TL_Amazon_Searchitem_Testsuite_003: Test Cases/Amazon/TC_Amazon_Validation_Search item-003]]></system-out>
      <system-err><![CDATA[]]></system-err>
   </testsuite>
</testsuites>
