<?xml version="1.0" encoding="UTF-8"?>
<testsuites name="Amazon_Login_Logout_TestSuite_001" time="85.372" tests="2" failures="0" errors="0">
   <testsuite name="Amazon_Login_Logout_TestSuite_001" tests="2" failures="0" errors="0" time="85.372" skipped="0" timestamp="20-01-2024T19:03:07" hostname="KOTTANA SIVA KUMAR - LAPTOP-0GRNC2TD" id="Test Suites/Amazon/Amazon_Login_Logout_TestSuite_001">
      <properties>
         <property name="deviceName" value=""/>
         <property name="devicePlatform" value=""/>
         <property name="logFolder" value="C:\\Users\\KOTTANA SIVA KUMAR\\Katalon Studio\\Software Automation Testing with Katalon\\Reports\\20240120_190259\\Amazon\\Amazon_Login_Logout_TestSuite_001\\20240120_190259"/>
         <property name="logFiles" value="C:\\Users\\KOTTANA SIVA KUMAR\\Katalon Studio\\Software Automation Testing with Katalon\\Reports\\20240120_190259\\Amazon\\Amazon_Login_Logout_TestSuite_001\\20240120_190259\\execution0.log"/>
         <property name="attachments" value=""/>
         <property name="hostName" value="KOTTANA SIVA KUMAR - LAPTOP-0GRNC2TD"/>
         <property name="os" value="Windows 11 64bit"/>
         <property name="katalonVersion" value="9.1.0.212"/>
         <property name="browser" value="Chrome 120.0.0.0"/>
         <property name="hostAddress" value="192.168.55.103"/>
         <property name="sessionId" value="accb2a45c88f4eba8bd8052f050bbc5a"/>
         <property name="seleniumVersion" value="3.141.59"/>
         <property name="proxyInformation" value="ProxyInformation { proxyOption=NO_PROXY, proxyServerType=HTTP, username=, password=********, proxyServerAddress=, proxyServerPort=0, executionList=&quot;&quot;, isApplyToDesiredCapabilities=true }"/>
         <property name="platform" value="Windows 11"/>
      </properties>
      <testcase name="Test Cases/Amazon/TC_Amazon_Validate_Login-001" time="30.654" classname="Test Cases/Amazon/TC_Amazon_Validate_Login-001" status="PASSED">
         <system-out><![CDATA[20-01-2024T19:03:07 - [TEST_CASE][PASSED] - Test Cases/Amazon/TC_Amazon_Validate_Login-001: Test Cases/Amazon/TC_Amazon_Validate_Login-001

20-01-2024T19:03:08 - [TEST_STEP][PASSED] - openBrowser(""): Browser is opened with url: ''

20-01-2024T19:03:08 - [MESSAGE][INFO] - Starting 'Chrome' driver

20-01-2024T19:03:08 - [MESSAGE][INFO] - Action delay is set to 0 milliseconds

20-01-2024T19:03:10 - [MESSAGE][PASSED] - Browser is opened with url: ''

20-01-2024T19:03:10 - [TEST_STEP][PASSED] - navigateToUrl("https://www.amazon.com/"): Navigate to 'https://www.amazon.com/' successfully

20-01-2024T19:03:12 - [MESSAGE][PASSED] - Navigate to 'https://www.amazon.com/' successfully

20-01-2024T19:03:12 - [TEST_STEP][PASSED] - setText(findTestObject("Object Repository/Amazon_Pages_login_OR/Page_Amazon.com/input_field-keywords"), ""): Text '' is set on object 'Object Repository/Amazon_Pages_login_OR/Page_Amazon.com/input_field-keywords'

20-01-2024T19:03:13 - [MESSAGE][PASSED] - Text '' is set on object 'Object Repository/Amazon_Pages_login_OR/Page_Amazon.com/input_field-keywords'

20-01-2024T19:03:13 - [TEST_STEP][PASSED] - click(findTestObject("Object Repository/Amazon_Pages_login_OR/Page_Amazon.com/button_Continue shopping")): Object: 'Object Repository/Amazon_Pages_login_OR/Page_Amazon.com/button_Continue shopping' is clicked on

20-01-2024T19:03:14 - [MESSAGE][PASSED] - Object: 'Object Repository/Amazon_Pages_login_OR/Page_Amazon.com/button_Continue shopping' is clicked on

20-01-2024T19:03:14 - [TEST_STEP][PASSED] - click(findTestObject("Object Repository/Amazon_Pages_login_OR/Page_Amazon.com. Spend less. Smile more/span_Hello, sign in")): Object: 'Object Repository/Amazon_Pages_login_OR/Page_Amazon.com. Spend less. Smile more/span_Hello, sign in' is clicked on

20-01-2024T19:03:32 - [MESSAGE][PASSED] - Object: 'Object Repository/Amazon_Pages_login_OR/Page_Amazon.com. Spend less. Smile more/span_Hello, sign in' is clicked on

20-01-2024T19:03:32 - [TEST_STEP][PASSED] - setText(findTestObject("Object Repository/Amazon_Pages_login_OR/Page_Amazon Sign-In/input_email"), "sivakumarkottana2000@gmail.com"): Text 'sivakumarkottana2000@gmail.com' is set on object 'Object Repository/Amazon_Pages_login_OR/Page_Amazon Sign-In/input_email'

20-01-2024T19:03:34 - [MESSAGE][PASSED] - Text 'sivakumarkottana2000@gmail.com' is set on object 'Object Repository/Amazon_Pages_login_OR/Page_Amazon Sign-In/input_email'

20-01-2024T19:03:34 - [TEST_STEP][PASSED] - click(findTestObject("Object Repository/Amazon_Pages_login_OR/Page_Amazon Sign-In/inputcontinue")): Object: 'Object Repository/Amazon_Pages_login_OR/Page_Amazon Sign-In/inputcontinue' is clicked on

20-01-2024T19:03:36 - [MESSAGE][PASSED] - Object: 'Object Repository/Amazon_Pages_login_OR/Page_Amazon Sign-In/inputcontinue' is clicked on

20-01-2024T19:03:36 - [TEST_STEP][PASSED] - setEncryptedText(findTestObject("Object Repository/Amazon_Pages_login_OR/Page_Amazon Sign-In/input_password"), "DTj8m5Ry/xZVxpyMM/dUZQ=="): Text ****** has been set on object 'Object Repository/Amazon_Pages_login_OR/Page_Amazon Sign-In/input_password'

20-01-2024T19:03:37 - [MESSAGE][PASSED] - Text ****** has been set on object 'Object Repository/Amazon_Pages_login_OR/Page_Amazon Sign-In/input_password'

20-01-2024T19:03:37 - [TEST_STEP][PASSED] - click(findTestObject("Object Repository/Amazon_Pages_login_OR/Page_Amazon Sign-In/inputsignInSubmit")): Object: 'Object Repository/Amazon_Pages_login_OR/Page_Amazon Sign-In/inputsignInSubmit' is clicked on

20-01-2024T19:03:38 - [MESSAGE][PASSED] - Object: 'Object Repository/Amazon_Pages_login_OR/Page_Amazon Sign-In/inputsignInSubmit' is clicked on

20-01-2024T19:03:38 - [TEST_STEP][PASSED] - closeBrowser(): Browser is closed

20-01-2024T19:03:38 - [MESSAGE][PASSED] - Browser is closed]]></system-out>
         <system-err><![CDATA[]]></system-err>
      </testcase>
      <testcase name="Test Cases/Amazon/TC_Amazon_Validation_Log out-002" time="54.455" classname="Test Cases/Amazon/TC_Amazon_Validation_Log out-002" status="PASSED">
         <system-out><![CDATA[20-01-2024T19:03:38 - [TEST_CASE][PASSED] - Test Cases/Amazon/TC_Amazon_Validation_Log out-002: Test Cases/Amazon/TC_Amazon_Validation_Log out-002

20-01-2024T19:03:38 - [TEST_STEP][PASSED] - openBrowser(""): Browser is opened with url: ''

20-01-2024T19:03:38 - [MESSAGE][INFO] - Starting 'Chrome' driver

20-01-2024T19:03:38 - [MESSAGE][INFO] - Action delay is set to 0 milliseconds

20-01-2024T19:03:39 - [MESSAGE][PASSED] - Browser is opened with url: ''

20-01-2024T19:03:39 - [TEST_STEP][PASSED] - navigateToUrl("https://www.amazon.com/"): Navigate to 'https://www.amazon.com/' successfully

20-01-2024T19:03:40 - [MESSAGE][PASSED] - Navigate to 'https://www.amazon.com/' successfully

20-01-2024T19:03:40 - [TEST_STEP][PASSED] - setText(findTestObject("Object Repository/Amazon_Pages_log out_OR/Page_Amazon.com/input_field-keywords"), "EFRKNH"): Text 'EFRKNH' is set on object 'Object Repository/Amazon_Pages_log out_OR/Page_Amazon.com/input_field-keywords'

20-01-2024T19:03:42 - [MESSAGE][PASSED] - Text 'EFRKNH' is set on object 'Object Repository/Amazon_Pages_log out_OR/Page_Amazon.com/input_field-keywords'

20-01-2024T19:03:42 - [TEST_STEP][PASSED] - click(findTestObject("Object Repository/Amazon_Pages_log out_OR/Page_Amazon.com/button_Continue shopping")): Object: 'Object Repository/Amazon_Pages_log out_OR/Page_Amazon.com/button_Continue shopping' is clicked on

20-01-2024T19:03:42 - [MESSAGE][PASSED] - Object: 'Object Repository/Amazon_Pages_log out_OR/Page_Amazon.com/button_Continue shopping' is clicked on

20-01-2024T19:03:42 - [TEST_STEP][PASSED] - click(findTestObject("Object Repository/Amazon_Pages_log out_OR/Page_Amazon.com. Spend less. Smile more/span_Hello, sign in")): Object: 'Object Repository/Amazon_Pages_log out_OR/Page_Amazon.com. Spend less. Smile more/span_Hello, sign in' is clicked on

20-01-2024T19:04:16 - [MESSAGE][PASSED] - Object: 'Object Repository/Amazon_Pages_log out_OR/Page_Amazon.com. Spend less. Smile more/span_Hello, sign in' is clicked on

20-01-2024T19:04:16 - [TEST_STEP][PASSED] - setText(findTestObject("Object Repository/Amazon_Pages_log out_OR/Page_Amazon Sign-In/input_email"), "sivakumarkottana2000@gmail.com"): Text 'sivakumarkottana2000@gmail.com' is set on object 'Object Repository/Amazon_Pages_log out_OR/Page_Amazon Sign-In/input_email'

20-01-2024T19:04:18 - [MESSAGE][PASSED] - Text 'sivakumarkottana2000@gmail.com' is set on object 'Object Repository/Amazon_Pages_log out_OR/Page_Amazon Sign-In/input_email'

20-01-2024T19:04:18 - [TEST_STEP][PASSED] - click(findTestObject("Object Repository/Amazon_Pages_log out_OR/Page_Amazon Sign-In/inputcontinue")): Object: 'Object Repository/Amazon_Pages_log out_OR/Page_Amazon Sign-In/inputcontinue' is clicked on

20-01-2024T19:04:20 - [MESSAGE][PASSED] - Object: 'Object Repository/Amazon_Pages_log out_OR/Page_Amazon Sign-In/inputcontinue' is clicked on

20-01-2024T19:04:20 - [TEST_STEP][PASSED] - setEncryptedText(findTestObject("Object Repository/Amazon_Pages_log out_OR/Page_Amazon Sign-In/input_password"), "DTj8m5Ry/xZVxpyMM/dUZQ=="): Text ****** has been set on object 'Object Repository/Amazon_Pages_log out_OR/Page_Amazon Sign-In/input_password'

20-01-2024T19:04:21 - [MESSAGE][PASSED] - Text ****** has been set on object 'Object Repository/Amazon_Pages_log out_OR/Page_Amazon Sign-In/input_password'

20-01-2024T19:04:21 - [TEST_STEP][PASSED] - click(findTestObject("Object Repository/Amazon_Pages_log out_OR/Page_Amazon Sign-In/inputsignInSubmit")): Object: 'Object Repository/Amazon_Pages_log out_OR/Page_Amazon Sign-In/inputsignInSubmit' is clicked on

20-01-2024T19:04:22 - [MESSAGE][PASSED] - Object: 'Object Repository/Amazon_Pages_log out_OR/Page_Amazon Sign-In/inputsignInSubmit' is clicked on

20-01-2024T19:04:22 - [TEST_STEP][PASSED] - click(findTestObject("Object Repository/Amazon_Pages_log out_OR/Page_Amazon.com. Spend less. Smile more/span_All")): Object: 'Object Repository/Amazon_Pages_log out_OR/Page_Amazon.com. Spend less. Smile more/span_All' is clicked on

20-01-2024T19:04:27 - [MESSAGE][PASSED] - Object: 'Object Repository/Amazon_Pages_log out_OR/Page_Amazon.com. Spend less. Smile more/span_All' is clicked on

20-01-2024T19:04:27 - [TEST_STEP][PASSED] - click(findTestObject("Object Repository/Amazon_Pages_log out_OR/Page_Amazon.com. Spend less. Smile more/a_Sign Out")): Object: 'Object Repository/Amazon_Pages_log out_OR/Page_Amazon.com. Spend less. Smile more/a_Sign Out' is clicked on

20-01-2024T19:04:32 - [MESSAGE][PASSED] - Object: 'Object Repository/Amazon_Pages_log out_OR/Page_Amazon.com. Spend less. Smile more/a_Sign Out' is clicked on

20-01-2024T19:04:32 - [TEST_STEP][PASSED] - closeBrowser(): Browser is closed

20-01-2024T19:04:32 - [MESSAGE][PASSED] - Browser is closed]]></system-out>
         <system-err><![CDATA[]]></system-err>
      </testcase>
      <system-out><![CDATA[20-01-2024T19:03:07 - [TEST_SUITE][PASSED] - Amazon_Login_Logout_TestSuite_001: Test Cases/Amazon/TC_Amazon_Validation_Log out-002]]></system-out>
      <system-err><![CDATA[]]></system-err>
   </testsuite>
</testsuites>
