<?xml version="1.0" encoding="UTF-8"?>
<testsuites name="TL_Amazon_Searchitem_Testsuite_003" time="52.131" tests="1" failures="0" errors="0">
   <testsuite name="TL_Amazon_Searchitem_Testsuite_003" tests="1" failures="0" errors="0" time="52.131" skipped="0" timestamp="22-01-2024T17:11:09" hostname="KOTTANA SIVA KUMAR - LAPTOP-0GRNC2TD" id="Test Suites/Amazon_TestSuite/TL_Amazon_Searchitem_Testsuite_003">
      <properties>
         <property name="deviceName" value=""/>
         <property name="devicePlatform" value=""/>
         <property name="logFolder" value="C:\\Users\\KOTTANA SIVA KUMAR\\Katalon Studio\\Software Automation Testing with Katalon\\Reports\\20240122_171102\\Amazon_TestSuite\\TL_Amazon_Searchitem_Testsuite_003\\20240122_171103"/>
         <property name="logFiles" value="C:\\Users\\KOTTANA SIVA KUMAR\\Katalon Studio\\Software Automation Testing with Katalon\\Reports\\20240122_171102\\Amazon_TestSuite\\TL_Amazon_Searchitem_Testsuite_003\\20240122_171103\\execution0.log"/>
         <property name="attachments" value=""/>
         <property name="hostName" value="KOTTANA SIVA KUMAR - LAPTOP-0GRNC2TD"/>
         <property name="os" value="Windows 11 64bit"/>
         <property name="katalonVersion" value="9.1.0.212"/>
         <property name="browser" value="Chrome 120.0.0.0"/>
         <property name="hostAddress" value="192.168.55.103"/>
         <property name="sessionId" value="77ba0f4617f0d69e4602128035cfd8a1"/>
         <property name="seleniumVersion" value="3.141.59"/>
         <property name="proxyInformation" value="ProxyInformation { proxyOption=NO_PROXY, proxyServerType=HTTP, username=, password=********, proxyServerAddress=, proxyServerPort=0, executionList=&quot;&quot;, isApplyToDesiredCapabilities=true }"/>
         <property name="platform" value="Windows 11"/>
      </properties>
      <testcase name="Test Cases/Amazon_TestListeners/TL_TC_Amazon_Validate_Searchitem_003" time="37.521" classname="Test Cases/Amazon_TestListeners/TL_TC_Amazon_Validate_Searchitem_003" status="PASSED">
         <system-out><![CDATA[22-01-2024T17:11:24 - [TEST_CASE][PASSED] - Test Cases/Amazon_TestListeners/TL_TC_Amazon_Validate_Searchitem_003: Test Cases/Amazon_TestListeners/TL_TC_Amazon_Validate_Searchitem_003

22-01-2024T17:11:24 - [TEST_STEP][PASSED] - Start listener action : sampleBeforeTestCase: Object: 'Object Repository/Amazon_Search item_OR/Page_Amazon Sign-In/inputsignInSubmit' is clicked on

22-01-2024T17:11:24 - [TEST_STEP][PASSED] - setText(findTestObject("Object Repository/Amazon_Search item_OR/Page_Amazon Sign-In/input_email"), "sivakumarkottana2000@gmail.com"): Text 'sivakumarkottana2000@gmail.com' is set on object 'Object Repository/Amazon_Search item_OR/Page_Amazon Sign-In/input_email'

22-01-2024T17:11:25 - [MESSAGE][PASSED] - Text 'sivakumarkottana2000@gmail.com' is set on object 'Object Repository/Amazon_Search item_OR/Page_Amazon Sign-In/input_email'

22-01-2024T17:11:25 - [TEST_STEP][PASSED] - click(findTestObject("Object Repository/Amazon_Search item_OR/Page_Amazon Sign-In/inputcontinue")): Object: 'Object Repository/Amazon_Search item_OR/Page_Amazon Sign-In/inputcontinue' is clicked on

22-01-2024T17:11:27 - [MESSAGE][PASSED] - Object: 'Object Repository/Amazon_Search item_OR/Page_Amazon Sign-In/inputcontinue' is clicked on

22-01-2024T17:11:27 - [TEST_STEP][PASSED] - setEncryptedText(findTestObject("Object Repository/Amazon_Search item_OR/Page_Amazon Sign-In/input_password"), "DTj8m5Ry/xZVxpyMM/dUZQ=="): Text ****** has been set on object 'Object Repository/Amazon_Search item_OR/Page_Amazon Sign-In/input_password'

22-01-2024T17:11:28 - [MESSAGE][PASSED] - Text ****** has been set on object 'Object Repository/Amazon_Search item_OR/Page_Amazon Sign-In/input_password'

22-01-2024T17:11:28 - [TEST_STEP][PASSED] - click(findTestObject("Object Repository/Amazon_Search item_OR/Page_Amazon Sign-In/inputsignInSubmit")): Object: 'Object Repository/Amazon_Search item_OR/Page_Amazon Sign-In/inputsignInSubmit' is clicked on

22-01-2024T17:11:29 - [MESSAGE][PASSED] - Object: 'Object Repository/Amazon_Search item_OR/Page_Amazon Sign-In/inputsignInSubmit' is clicked on

22-01-2024T17:11:29 - [TEST_STEP][PASSED] - selectOptionByValue(findTestObject("Object Repository/TC_TC_Amazon_Validate_Searchitem_003/Page_Amazon.com. Spend less. Smile more/select_All Departments        Arts  Crafts _135c92"), "search-alias=stripbooks-intl-ship", true): All options with value 'search-alias=stripbooks-intl-ship' are selected in object 'Object Repository/TC_TC_Amazon_Validate_Searchitem_003/Page_Amazon.com. Spend less. Smile more/select_All Departments        Arts  Crafts _135c92'  using regular expression

22-01-2024T17:11:50 - [MESSAGE][PASSED] - All options with value 'search-alias=stripbooks-intl-ship' are selected in object 'Object Repository/TC_TC_Amazon_Validate_Searchitem_003/Page_Amazon.com. Spend less. Smile more/select_All Departments        Arts  Crafts _135c92'  using regular expression

22-01-2024T17:11:50 - [TEST_STEP][PASSED] - setText(findTestObject("Object Repository/TC_TC_Amazon_Validate_Searchitem_003/Page_Amazon.com. Spend less. Smile more/input_field-keywords"), "da vinci code"): Text 'da vinci code' is set on object 'Object Repository/TC_TC_Amazon_Validate_Searchitem_003/Page_Amazon.com. Spend less. Smile more/input_field-keywords'

22-01-2024T17:11:51 - [MESSAGE][PASSED] - Text 'da vinci code' is set on object 'Object Repository/TC_TC_Amazon_Validate_Searchitem_003/Page_Amazon.com. Spend less. Smile more/input_field-keywords'

22-01-2024T17:11:51 - [TEST_STEP][PASSED] - click(findTestObject("Object Repository/TC_TC_Amazon_Validate_Searchitem_003/Page_Amazon.com. Spend less. Smile more/inputnav-search-submit-button")): Object: 'Object Repository/TC_TC_Amazon_Validate_Searchitem_003/Page_Amazon.com. Spend less. Smile more/inputnav-search-submit-button' is clicked on

22-01-2024T17:11:55 - [MESSAGE][PASSED] - Object: 'Object Repository/TC_TC_Amazon_Validate_Searchitem_003/Page_Amazon.com. Spend less. Smile more/inputnav-search-submit-button' is clicked on

22-01-2024T17:11:55 - [TEST_STEP][PASSED] - Start listener action : sampleAfterTestCase: Object: 'Object Repository/TC_TC_Amazon_Validate_Searchitem_003/Page_Your Account/a_Sign Out' is clicked on

22-01-2024T17:11:55 - [TEST_STEP][PASSED] - click(findTestObject("Object Repository/TC_TC_Amazon_Validate_Searchitem_003/Page_Amazon.com  da vinci code/span_Hello, KOTTANA")): Object: 'Object Repository/TC_TC_Amazon_Validate_Searchitem_003/Page_Amazon.com  da vinci code/span_Hello, KOTTANA' is clicked on

22-01-2024T17:11:57 - [MESSAGE][PASSED] - Object: 'Object Repository/TC_TC_Amazon_Validate_Searchitem_003/Page_Amazon.com  da vinci code/span_Hello, KOTTANA' is clicked on

22-01-2024T17:11:57 - [TEST_STEP][PASSED] - click(findTestObject("Object Repository/TC_TC_Amazon_Validate_Searchitem_003/Page_Your Account/a_All")): Object: 'Object Repository/TC_TC_Amazon_Validate_Searchitem_003/Page_Your Account/a_All' is clicked on

22-01-2024T17:11:58 - [MESSAGE][PASSED] - Object: 'Object Repository/TC_TC_Amazon_Validate_Searchitem_003/Page_Your Account/a_All' is clicked on

22-01-2024T17:11:58 - [TEST_STEP][PASSED] - click(findTestObject("Object Repository/TC_TC_Amazon_Validate_Searchitem_003/Page_Your Account/a_Sign Out")): Object: 'Object Repository/TC_TC_Amazon_Validate_Searchitem_003/Page_Your Account/a_Sign Out' is clicked on

22-01-2024T17:12:01 - [MESSAGE][PASSED] - Object: 'Object Repository/TC_TC_Amazon_Validate_Searchitem_003/Page_Your Account/a_Sign Out' is clicked on]]></system-out>
         <system-err><![CDATA[]]></system-err>
      </testcase>
      <system-out><![CDATA[22-01-2024T17:11:09 - [TEST_SUITE][PASSED] - TL_Amazon_Searchitem_Testsuite_003: Test Cases/Amazon_TestListeners/TL_TC_Amazon_Validate_Searchitem_003]]></system-out>
      <system-err><![CDATA[]]></system-err>
   </testsuite>
</testsuites>
