<?xml version="1.0" encoding="UTF-8"?>
<testsuites name="DDT_Amazon_Categoryvalidation_testsuite" time="301.662" tests="9" failures="0" errors="0">
   <testsuite name="DDT_Amazon_Categoryvalidation_testsuite" tests="9" failures="0" errors="0" time="301.662" skipped="0" timestamp="21-01-2024T15:51:57" hostname="KOTTANA SIVA KUMAR - LAPTOP-0GRNC2TD" id="Test Suites/DDT_Amazon_Ctegory_Testsuite/DDT_Amazon_Categoryvalidation_testsuite">
      <properties>
         <property name="deviceName" value=""/>
         <property name="devicePlatform" value=""/>
         <property name="logFolder" value="C:\\Users\\KOTTANA SIVA KUMAR\\Katalon Studio\\Software Automation Testing with Katalon\\Reports\\20240121_155150\\DDT_Amazon_Ctegory_Testsuite\\DDT_Amazon_Categoryvalidation_testsuite\\20240121_155150"/>
         <property name="logFiles" value="C:\\Users\\KOTTANA SIVA KUMAR\\Katalon Studio\\Software Automation Testing with Katalon\\Reports\\20240121_155150\\DDT_Amazon_Ctegory_Testsuite\\DDT_Amazon_Categoryvalidation_testsuite\\20240121_155150\\execution0.log"/>
         <property name="attachments" value=""/>
         <property name="hostName" value="KOTTANA SIVA KUMAR - LAPTOP-0GRNC2TD"/>
         <property name="os" value="Windows 11 64bit"/>
         <property name="katalonVersion" value="9.1.0.212"/>
         <property name="browser" value="Chrome 120.0.0.0"/>
         <property name="hostAddress" value="192.168.55.103"/>
         <property name="sessionId" value="b7baac369f334ff6805e2175668846ed"/>
         <property name="seleniumVersion" value="3.141.59"/>
         <property name="proxyInformation" value="ProxyInformation { proxyOption=NO_PROXY, proxyServerType=HTTP, username=, password=********, proxyServerAddress=, proxyServerPort=0, executionList=&quot;&quot;, isApplyToDesiredCapabilities=true }"/>
         <property name="platform" value="Windows 11"/>
      </properties>
      <testcase name="Test Cases/Data_Driven_Testing/TC_Validation Amazon Category_Excel_001" time="27.767" classname="Test Cases/Data_Driven_Testing/TC_Validation Amazon Category_Excel_001" status="PASSED">
         <system-out><![CDATA[21-01-2024T15:51:57 - [TEST_CASE][PASSED] - Test Cases/Data_Driven_Testing/TC_Validation Amazon Category_Excel_001: Test Cases/Data_Driven_Testing/TC_Validation Amazon Category_Excel_001

21-01-2024T15:51:57 - [TEST_STEP][PASSED] - openBrowser(""): Browser is opened with url: ''

21-01-2024T15:51:58 - [MESSAGE][INFO] - Starting 'Chrome' driver

21-01-2024T15:51:58 - [MESSAGE][INFO] - Action delay is set to 0 milliseconds

21-01-2024T15:52:00 - [MESSAGE][PASSED] - Browser is opened with url: ''

21-01-2024T15:52:00 - [TEST_STEP][PASSED] - navigateToUrl("http://www.amazon.com"): Navigate to 'http://www.amazon.com' successfully

21-01-2024T15:52:01 - [MESSAGE][PASSED] - Navigate to 'http://www.amazon.com' successfully

21-01-2024T15:52:01 - [TEST_STEP][PASSED] - selectOptionByLabel(findTestObject("Amazon_Category_validation_excel_OR/Page_Amazon.com. Spend less. Smile more/CategoryElement"), "Books", false): All options with label 'Books' are selected in object 'Object Repository/Amazon_Category_validation_excel_OR/Page_Amazon.com. Spend less. Smile more/CategoryElement' 

21-01-2024T15:52:13 - [MESSAGE][PASSED] - All options with label 'Books' are selected in object 'Object Repository/Amazon_Category_validation_excel_OR/Page_Amazon.com. Spend less. Smile more/CategoryElement' 

21-01-2024T15:52:13 - [TEST_STEP][PASSED] - setText(findTestObject("Amazon_Category_validation_excel_OR/Page_Amazon.com. Spend less. Smile more/input_Search Amazon_field-keywords"), "Da vinci code"): Text 'Da vinci code' is set on object 'Object Repository/Amazon_Category_validation_excel_OR/Page_Amazon.com. Spend less. Smile more/input_Search Amazon_field-keywords'

21-01-2024T15:52:14 - [MESSAGE][PASSED] - Text 'Da vinci code' is set on object 'Object Repository/Amazon_Category_validation_excel_OR/Page_Amazon.com. Spend less. Smile more/input_Search Amazon_field-keywords'

21-01-2024T15:52:14 - [TEST_STEP][PASSED] - click(findTestObject("Amazon_Category_validation_excel_OR/Page_Amazon.com. Spend less. Smile more/input_Search Amazon_nav-search-submit-button")): Object: 'Object Repository/Amazon_Category_validation_excel_OR/Page_Amazon.com. Spend less. Smile more/input_Search Amazon_nav-search-submit-button' is clicked on

21-01-2024T15:52:25 - [MESSAGE][PASSED] - Object: 'Object Repository/Amazon_Category_validation_excel_OR/Page_Amazon.com. Spend less. Smile more/input_Search Amazon_nav-search-submit-button' is clicked on

21-01-2024T15:52:25 - [TEST_STEP][PASSED] - closeBrowser(): Browser is closed

21-01-2024T15:52:25 - [MESSAGE][PASSED] - Browser is closed]]></system-out>
         <system-err><![CDATA[]]></system-err>
      </testcase>
      <testcase name="Test Cases/Data_Driven_Testing/TC_Validation Amazon Category_Excel_001" time="25.515" classname="Test Cases/Data_Driven_Testing/TC_Validation Amazon Category_Excel_001" status="PASSED">
         <system-out><![CDATA[21-01-2024T15:52:25 - [TEST_CASE][PASSED] - Test Cases/Data_Driven_Testing/TC_Validation Amazon Category_Excel_001: Test Cases/Data_Driven_Testing/TC_Validation Amazon Category_Excel_001

21-01-2024T15:52:25 - [TEST_STEP][PASSED] - openBrowser(""): Browser is opened with url: ''

21-01-2024T15:52:25 - [MESSAGE][INFO] - Starting 'Chrome' driver

21-01-2024T15:52:25 - [MESSAGE][INFO] - Action delay is set to 0 milliseconds

21-01-2024T15:52:26 - [MESSAGE][PASSED] - Browser is opened with url: ''

21-01-2024T15:52:26 - [TEST_STEP][PASSED] - navigateToUrl("http://www.amazon.com"): Navigate to 'http://www.amazon.com' successfully

21-01-2024T15:52:28 - [MESSAGE][PASSED] - Navigate to 'http://www.amazon.com' successfully

21-01-2024T15:52:28 - [TEST_STEP][PASSED] - selectOptionByLabel(findTestObject("Amazon_Category_validation_excel_OR/Page_Amazon.com. Spend less. Smile more/CategoryElement"), "Books", false): All options with label 'Books' are selected in object 'Object Repository/Amazon_Category_validation_excel_OR/Page_Amazon.com. Spend less. Smile more/CategoryElement' 

21-01-2024T15:52:38 - [MESSAGE][PASSED] - All options with label 'Books' are selected in object 'Object Repository/Amazon_Category_validation_excel_OR/Page_Amazon.com. Spend less. Smile more/CategoryElement' 

21-01-2024T15:52:38 - [TEST_STEP][PASSED] - setText(findTestObject("Amazon_Category_validation_excel_OR/Page_Amazon.com. Spend less. Smile more/input_Search Amazon_field-keywords"), "Da vinci code"): Text 'Da vinci code' is set on object 'Object Repository/Amazon_Category_validation_excel_OR/Page_Amazon.com. Spend less. Smile more/input_Search Amazon_field-keywords'

21-01-2024T15:52:39 - [MESSAGE][PASSED] - Text 'Da vinci code' is set on object 'Object Repository/Amazon_Category_validation_excel_OR/Page_Amazon.com. Spend less. Smile more/input_Search Amazon_field-keywords'

21-01-2024T15:52:39 - [TEST_STEP][PASSED] - click(findTestObject("Amazon_Category_validation_excel_OR/Page_Amazon.com. Spend less. Smile more/input_Search Amazon_nav-search-submit-button")): Object: 'Object Repository/Amazon_Category_validation_excel_OR/Page_Amazon.com. Spend less. Smile more/input_Search Amazon_nav-search-submit-button' is clicked on

21-01-2024T15:52:50 - [MESSAGE][PASSED] - Object: 'Object Repository/Amazon_Category_validation_excel_OR/Page_Amazon.com. Spend less. Smile more/input_Search Amazon_nav-search-submit-button' is clicked on

21-01-2024T15:52:50 - [TEST_STEP][PASSED] - closeBrowser(): Browser is closed

21-01-2024T15:52:51 - [MESSAGE][PASSED] - Browser is closed]]></system-out>
         <system-err><![CDATA[]]></system-err>
      </testcase>
      <testcase name="Test Cases/Data_Driven_Testing/TC_Validation Amazon Category_Excel_001" time="26.481" classname="Test Cases/Data_Driven_Testing/TC_Validation Amazon Category_Excel_001" status="PASSED">
         <system-out><![CDATA[21-01-2024T15:52:51 - [TEST_CASE][PASSED] - Test Cases/Data_Driven_Testing/TC_Validation Amazon Category_Excel_001: Test Cases/Data_Driven_Testing/TC_Validation Amazon Category_Excel_001

21-01-2024T15:52:51 - [TEST_STEP][PASSED] - openBrowser(""): Browser is opened with url: ''

21-01-2024T15:52:51 - [MESSAGE][INFO] - Starting 'Chrome' driver

21-01-2024T15:52:51 - [MESSAGE][INFO] - Action delay is set to 0 milliseconds

21-01-2024T15:52:51 - [MESSAGE][PASSED] - Browser is opened with url: ''

21-01-2024T15:52:51 - [TEST_STEP][PASSED] - navigateToUrl("http://www.amazon.com"): Navigate to 'http://www.amazon.com' successfully

21-01-2024T15:52:53 - [MESSAGE][PASSED] - Navigate to 'http://www.amazon.com' successfully

21-01-2024T15:52:53 - [TEST_STEP][PASSED] - selectOptionByLabel(findTestObject("Amazon_Category_validation_excel_OR/Page_Amazon.com. Spend less. Smile more/CategoryElement"), "Books", false): All options with label 'Books' are selected in object 'Object Repository/Amazon_Category_validation_excel_OR/Page_Amazon.com. Spend less. Smile more/CategoryElement' 

21-01-2024T15:53:07 - [MESSAGE][PASSED] - All options with label 'Books' are selected in object 'Object Repository/Amazon_Category_validation_excel_OR/Page_Amazon.com. Spend less. Smile more/CategoryElement' 

21-01-2024T15:53:07 - [TEST_STEP][PASSED] - setText(findTestObject("Amazon_Category_validation_excel_OR/Page_Amazon.com. Spend less. Smile more/input_Search Amazon_field-keywords"), "Da vinci code"): Text 'Da vinci code' is set on object 'Object Repository/Amazon_Category_validation_excel_OR/Page_Amazon.com. Spend less. Smile more/input_Search Amazon_field-keywords'

21-01-2024T15:53:09 - [MESSAGE][PASSED] - Text 'Da vinci code' is set on object 'Object Repository/Amazon_Category_validation_excel_OR/Page_Amazon.com. Spend less. Smile more/input_Search Amazon_field-keywords'

21-01-2024T15:53:09 - [TEST_STEP][PASSED] - click(findTestObject("Amazon_Category_validation_excel_OR/Page_Amazon.com. Spend less. Smile more/input_Search Amazon_nav-search-submit-button")): Object: 'Object Repository/Amazon_Category_validation_excel_OR/Page_Amazon.com. Spend less. Smile more/input_Search Amazon_nav-search-submit-button' is clicked on

21-01-2024T15:53:17 - [MESSAGE][PASSED] - Object: 'Object Repository/Amazon_Category_validation_excel_OR/Page_Amazon.com. Spend less. Smile more/input_Search Amazon_nav-search-submit-button' is clicked on

21-01-2024T15:53:17 - [TEST_STEP][PASSED] - closeBrowser(): Browser is closed

21-01-2024T15:53:17 - [MESSAGE][PASSED] - Browser is closed]]></system-out>
         <system-err><![CDATA[]]></system-err>
      </testcase>
      <testcase name="Test Cases/Data_Driven_Testing/TC_Validation Amazon Category_Excel_001" time="38.16" classname="Test Cases/Data_Driven_Testing/TC_Validation Amazon Category_Excel_001" status="PASSED">
         <system-out><![CDATA[21-01-2024T15:53:17 - [TEST_CASE][PASSED] - Test Cases/Data_Driven_Testing/TC_Validation Amazon Category_Excel_001: Test Cases/Data_Driven_Testing/TC_Validation Amazon Category_Excel_001

21-01-2024T15:53:17 - [TEST_STEP][PASSED] - openBrowser(""): Browser is opened with url: ''

21-01-2024T15:53:17 - [MESSAGE][INFO] - Starting 'Chrome' driver

21-01-2024T15:53:17 - [MESSAGE][INFO] - Action delay is set to 0 milliseconds

21-01-2024T15:53:18 - [MESSAGE][PASSED] - Browser is opened with url: ''

21-01-2024T15:53:18 - [TEST_STEP][PASSED] - navigateToUrl("http://www.amazon.com"): Navigate to 'http://www.amazon.com' successfully

21-01-2024T15:53:20 - [MESSAGE][PASSED] - Navigate to 'http://www.amazon.com' successfully

21-01-2024T15:53:20 - [TEST_STEP][PASSED] - selectOptionByLabel(findTestObject("Amazon_Category_validation_excel_OR/Page_Amazon.com. Spend less. Smile more/CategoryElement"), "Books", false): All options with label 'Books' are selected in object 'Object Repository/Amazon_Category_validation_excel_OR/Page_Amazon.com. Spend less. Smile more/CategoryElement' 

21-01-2024T15:53:37 - [MESSAGE][PASSED] - All options with label 'Books' are selected in object 'Object Repository/Amazon_Category_validation_excel_OR/Page_Amazon.com. Spend less. Smile more/CategoryElement' 

21-01-2024T15:53:37 - [TEST_STEP][PASSED] - setText(findTestObject("Amazon_Category_validation_excel_OR/Page_Amazon.com. Spend less. Smile more/input_Search Amazon_field-keywords"), "Da vinci code"): Text 'Da vinci code' is set on object 'Object Repository/Amazon_Category_validation_excel_OR/Page_Amazon.com. Spend less. Smile more/input_Search Amazon_field-keywords'

21-01-2024T15:53:39 - [MESSAGE][PASSED] - Text 'Da vinci code' is set on object 'Object Repository/Amazon_Category_validation_excel_OR/Page_Amazon.com. Spend less. Smile more/input_Search Amazon_field-keywords'

21-01-2024T15:53:39 - [TEST_STEP][PASSED] - click(findTestObject("Amazon_Category_validation_excel_OR/Page_Amazon.com. Spend less. Smile more/input_Search Amazon_nav-search-submit-button")): Object: 'Object Repository/Amazon_Category_validation_excel_OR/Page_Amazon.com. Spend less. Smile more/input_Search Amazon_nav-search-submit-button' is clicked on

21-01-2024T15:53:55 - [MESSAGE][PASSED] - Object: 'Object Repository/Amazon_Category_validation_excel_OR/Page_Amazon.com. Spend less. Smile more/input_Search Amazon_nav-search-submit-button' is clicked on

21-01-2024T15:53:55 - [TEST_STEP][PASSED] - closeBrowser(): Browser is closed

21-01-2024T15:53:55 - [MESSAGE][PASSED] - Browser is closed]]></system-out>
         <system-err><![CDATA[]]></system-err>
      </testcase>
      <testcase name="Test Cases/Data_Driven_Testing/TC_Validation Amazon Category_Excel_001" time="35.314" classname="Test Cases/Data_Driven_Testing/TC_Validation Amazon Category_Excel_001" status="PASSED">
         <system-out><![CDATA[21-01-2024T15:53:55 - [TEST_CASE][PASSED] - Test Cases/Data_Driven_Testing/TC_Validation Amazon Category_Excel_001: Test Cases/Data_Driven_Testing/TC_Validation Amazon Category_Excel_001

21-01-2024T15:53:55 - [TEST_STEP][PASSED] - openBrowser(""): Browser is opened with url: ''

21-01-2024T15:53:55 - [MESSAGE][INFO] - Starting 'Chrome' driver

21-01-2024T15:53:55 - [MESSAGE][INFO] - Action delay is set to 0 milliseconds

21-01-2024T15:53:56 - [MESSAGE][PASSED] - Browser is opened with url: ''

21-01-2024T15:53:56 - [TEST_STEP][PASSED] - navigateToUrl("http://www.amazon.com"): Navigate to 'http://www.amazon.com' successfully

21-01-2024T15:53:57 - [MESSAGE][PASSED] - Navigate to 'http://www.amazon.com' successfully

21-01-2024T15:53:57 - [TEST_STEP][PASSED] - selectOptionByLabel(findTestObject("Amazon_Category_validation_excel_OR/Page_Amazon.com. Spend less. Smile more/CategoryElement"), "Books", false): All options with label 'Books' are selected in object 'Object Repository/Amazon_Category_validation_excel_OR/Page_Amazon.com. Spend less. Smile more/CategoryElement' 

21-01-2024T15:54:22 - [MESSAGE][PASSED] - All options with label 'Books' are selected in object 'Object Repository/Amazon_Category_validation_excel_OR/Page_Amazon.com. Spend less. Smile more/CategoryElement' 

21-01-2024T15:54:22 - [TEST_STEP][PASSED] - setText(findTestObject("Amazon_Category_validation_excel_OR/Page_Amazon.com. Spend less. Smile more/input_Search Amazon_field-keywords"), "Da vinci code"): Text 'Da vinci code' is set on object 'Object Repository/Amazon_Category_validation_excel_OR/Page_Amazon.com. Spend less. Smile more/input_Search Amazon_field-keywords'

21-01-2024T15:54:23 - [MESSAGE][PASSED] - Text 'Da vinci code' is set on object 'Object Repository/Amazon_Category_validation_excel_OR/Page_Amazon.com. Spend less. Smile more/input_Search Amazon_field-keywords'

21-01-2024T15:54:23 - [TEST_STEP][PASSED] - click(findTestObject("Amazon_Category_validation_excel_OR/Page_Amazon.com. Spend less. Smile more/input_Search Amazon_nav-search-submit-button")): Object: 'Object Repository/Amazon_Category_validation_excel_OR/Page_Amazon.com. Spend less. Smile more/input_Search Amazon_nav-search-submit-button' is clicked on

21-01-2024T15:54:30 - [MESSAGE][PASSED] - Object: 'Object Repository/Amazon_Category_validation_excel_OR/Page_Amazon.com. Spend less. Smile more/input_Search Amazon_nav-search-submit-button' is clicked on

21-01-2024T15:54:30 - [TEST_STEP][PASSED] - closeBrowser(): Browser is closed

21-01-2024T15:54:31 - [MESSAGE][PASSED] - Browser is closed]]></system-out>
         <system-err><![CDATA[]]></system-err>
      </testcase>
      <testcase name="Test Cases/Data_Driven_Testing/TC_Validation Amazon Category_Excel_001" time="28.169" classname="Test Cases/Data_Driven_Testing/TC_Validation Amazon Category_Excel_001" status="PASSED">
         <system-out><![CDATA[21-01-2024T15:54:31 - [TEST_CASE][PASSED] - Test Cases/Data_Driven_Testing/TC_Validation Amazon Category_Excel_001: Test Cases/Data_Driven_Testing/TC_Validation Amazon Category_Excel_001

21-01-2024T15:54:31 - [TEST_STEP][PASSED] - openBrowser(""): Browser is opened with url: ''

21-01-2024T15:54:31 - [MESSAGE][INFO] - Starting 'Chrome' driver

21-01-2024T15:54:31 - [MESSAGE][INFO] - Action delay is set to 0 milliseconds

21-01-2024T15:54:31 - [MESSAGE][PASSED] - Browser is opened with url: ''

21-01-2024T15:54:31 - [TEST_STEP][PASSED] - navigateToUrl("http://www.amazon.com"): Navigate to 'http://www.amazon.com' successfully

21-01-2024T15:54:32 - [MESSAGE][PASSED] - Navigate to 'http://www.amazon.com' successfully

21-01-2024T15:54:32 - [TEST_STEP][PASSED] - selectOptionByLabel(findTestObject("Amazon_Category_validation_excel_OR/Page_Amazon.com. Spend less. Smile more/CategoryElement"), "Books", false): All options with label 'Books' are selected in object 'Object Repository/Amazon_Category_validation_excel_OR/Page_Amazon.com. Spend less. Smile more/CategoryElement' 

21-01-2024T15:54:45 - [MESSAGE][PASSED] - All options with label 'Books' are selected in object 'Object Repository/Amazon_Category_validation_excel_OR/Page_Amazon.com. Spend less. Smile more/CategoryElement' 

21-01-2024T15:54:45 - [TEST_STEP][PASSED] - setText(findTestObject("Amazon_Category_validation_excel_OR/Page_Amazon.com. Spend less. Smile more/input_Search Amazon_field-keywords"), "Da vinci code"): Text 'Da vinci code' is set on object 'Object Repository/Amazon_Category_validation_excel_OR/Page_Amazon.com. Spend less. Smile more/input_Search Amazon_field-keywords'

21-01-2024T15:54:48 - [MESSAGE][PASSED] - Text 'Da vinci code' is set on object 'Object Repository/Amazon_Category_validation_excel_OR/Page_Amazon.com. Spend less. Smile more/input_Search Amazon_field-keywords'

21-01-2024T15:54:48 - [TEST_STEP][PASSED] - click(findTestObject("Amazon_Category_validation_excel_OR/Page_Amazon.com. Spend less. Smile more/input_Search Amazon_nav-search-submit-button")): Object: 'Object Repository/Amazon_Category_validation_excel_OR/Page_Amazon.com. Spend less. Smile more/input_Search Amazon_nav-search-submit-button' is clicked on

21-01-2024T15:54:59 - [MESSAGE][PASSED] - Object: 'Object Repository/Amazon_Category_validation_excel_OR/Page_Amazon.com. Spend less. Smile more/input_Search Amazon_nav-search-submit-button' is clicked on

21-01-2024T15:54:59 - [TEST_STEP][PASSED] - closeBrowser(): Browser is closed

21-01-2024T15:54:59 - [MESSAGE][PASSED] - Browser is closed]]></system-out>
         <system-err><![CDATA[]]></system-err>
      </testcase>
      <testcase name="Test Cases/Data_Driven_Testing/TC_Validation Amazon Category_Excel_001" time="24.566" classname="Test Cases/Data_Driven_Testing/TC_Validation Amazon Category_Excel_001" status="PASSED">
         <system-out><![CDATA[21-01-2024T15:54:59 - [TEST_CASE][PASSED] - Test Cases/Data_Driven_Testing/TC_Validation Amazon Category_Excel_001: Test Cases/Data_Driven_Testing/TC_Validation Amazon Category_Excel_001

21-01-2024T15:54:59 - [TEST_STEP][PASSED] - openBrowser(""): Browser is opened with url: ''

21-01-2024T15:54:59 - [MESSAGE][INFO] - Starting 'Chrome' driver

21-01-2024T15:54:59 - [MESSAGE][INFO] - Action delay is set to 0 milliseconds

21-01-2024T15:54:59 - [MESSAGE][PASSED] - Browser is opened with url: ''

21-01-2024T15:54:59 - [TEST_STEP][PASSED] - navigateToUrl("http://www.amazon.com"): Navigate to 'http://www.amazon.com' successfully

21-01-2024T15:55:01 - [MESSAGE][PASSED] - Navigate to 'http://www.amazon.com' successfully

21-01-2024T15:55:01 - [TEST_STEP][PASSED] - selectOptionByLabel(findTestObject("Amazon_Category_validation_excel_OR/Page_Amazon.com. Spend less. Smile more/CategoryElement"), "Books", false): All options with label 'Books' are selected in object 'Object Repository/Amazon_Category_validation_excel_OR/Page_Amazon.com. Spend less. Smile more/CategoryElement' 

21-01-2024T15:55:11 - [MESSAGE][PASSED] - All options with label 'Books' are selected in object 'Object Repository/Amazon_Category_validation_excel_OR/Page_Amazon.com. Spend less. Smile more/CategoryElement' 

21-01-2024T15:55:11 - [TEST_STEP][PASSED] - setText(findTestObject("Amazon_Category_validation_excel_OR/Page_Amazon.com. Spend less. Smile more/input_Search Amazon_field-keywords"), "Da vinci code"): Text 'Da vinci code' is set on object 'Object Repository/Amazon_Category_validation_excel_OR/Page_Amazon.com. Spend less. Smile more/input_Search Amazon_field-keywords'

21-01-2024T15:55:13 - [MESSAGE][PASSED] - Text 'Da vinci code' is set on object 'Object Repository/Amazon_Category_validation_excel_OR/Page_Amazon.com. Spend less. Smile more/input_Search Amazon_field-keywords'

21-01-2024T15:55:13 - [TEST_STEP][PASSED] - click(findTestObject("Amazon_Category_validation_excel_OR/Page_Amazon.com. Spend less. Smile more/input_Search Amazon_nav-search-submit-button")): Object: 'Object Repository/Amazon_Category_validation_excel_OR/Page_Amazon.com. Spend less. Smile more/input_Search Amazon_nav-search-submit-button' is clicked on

21-01-2024T15:55:23 - [MESSAGE][PASSED] - Object: 'Object Repository/Amazon_Category_validation_excel_OR/Page_Amazon.com. Spend less. Smile more/input_Search Amazon_nav-search-submit-button' is clicked on

21-01-2024T15:55:23 - [TEST_STEP][PASSED] - closeBrowser(): Browser is closed

21-01-2024T15:55:23 - [MESSAGE][PASSED] - Browser is closed]]></system-out>
         <system-err><![CDATA[]]></system-err>
      </testcase>
      <testcase name="Test Cases/Data_Driven_Testing/TC_Validation Amazon Category_Excel_001" time="43.107" classname="Test Cases/Data_Driven_Testing/TC_Validation Amazon Category_Excel_001" status="PASSED">
         <system-out><![CDATA[21-01-2024T15:55:23 - [TEST_CASE][PASSED] - Test Cases/Data_Driven_Testing/TC_Validation Amazon Category_Excel_001: Test Cases/Data_Driven_Testing/TC_Validation Amazon Category_Excel_001

21-01-2024T15:55:23 - [TEST_STEP][PASSED] - openBrowser(""): Browser is opened with url: ''

21-01-2024T15:55:23 - [MESSAGE][INFO] - Starting 'Chrome' driver

21-01-2024T15:55:23 - [MESSAGE][INFO] - Action delay is set to 0 milliseconds

21-01-2024T15:55:24 - [MESSAGE][PASSED] - Browser is opened with url: ''

21-01-2024T15:55:24 - [TEST_STEP][PASSED] - navigateToUrl("http://www.amazon.com"): Navigate to 'http://www.amazon.com' successfully

21-01-2024T15:55:26 - [MESSAGE][PASSED] - Navigate to 'http://www.amazon.com' successfully

21-01-2024T15:55:26 - [TEST_STEP][PASSED] - selectOptionByLabel(findTestObject("Amazon_Category_validation_excel_OR/Page_Amazon.com. Spend less. Smile more/CategoryElement"), "Books", false): All options with label 'Books' are selected in object 'Object Repository/Amazon_Category_validation_excel_OR/Page_Amazon.com. Spend less. Smile more/CategoryElement' 

21-01-2024T15:55:59 - [MESSAGE][PASSED] - All options with label 'Books' are selected in object 'Object Repository/Amazon_Category_validation_excel_OR/Page_Amazon.com. Spend less. Smile more/CategoryElement' 

21-01-2024T15:55:59 - [TEST_STEP][PASSED] - setText(findTestObject("Amazon_Category_validation_excel_OR/Page_Amazon.com. Spend less. Smile more/input_Search Amazon_field-keywords"), "Da vinci code"): Text 'Da vinci code' is set on object 'Object Repository/Amazon_Category_validation_excel_OR/Page_Amazon.com. Spend less. Smile more/input_Search Amazon_field-keywords'

21-01-2024T15:56:01 - [MESSAGE][PASSED] - Text 'Da vinci code' is set on object 'Object Repository/Amazon_Category_validation_excel_OR/Page_Amazon.com. Spend less. Smile more/input_Search Amazon_field-keywords'

21-01-2024T15:56:01 - [TEST_STEP][PASSED] - click(findTestObject("Amazon_Category_validation_excel_OR/Page_Amazon.com. Spend less. Smile more/input_Search Amazon_nav-search-submit-button")): Object: 'Object Repository/Amazon_Category_validation_excel_OR/Page_Amazon.com. Spend less. Smile more/input_Search Amazon_nav-search-submit-button' is clicked on

21-01-2024T15:56:06 - [MESSAGE][PASSED] - Object: 'Object Repository/Amazon_Category_validation_excel_OR/Page_Amazon.com. Spend less. Smile more/input_Search Amazon_nav-search-submit-button' is clicked on

21-01-2024T15:56:06 - [TEST_STEP][PASSED] - closeBrowser(): Browser is closed

21-01-2024T15:56:07 - [MESSAGE][PASSED] - Browser is closed]]></system-out>
         <system-err><![CDATA[]]></system-err>
      </testcase>
      <testcase name="Test Cases/Data_Driven_Testing/TC_Validation Amazon Category_Excel_001" time="52.062" classname="Test Cases/Data_Driven_Testing/TC_Validation Amazon Category_Excel_001" status="PASSED">
         <system-out><![CDATA[21-01-2024T15:56:07 - [TEST_CASE][PASSED] - Test Cases/Data_Driven_Testing/TC_Validation Amazon Category_Excel_001: Test Cases/Data_Driven_Testing/TC_Validation Amazon Category_Excel_001

21-01-2024T15:56:07 - [TEST_STEP][PASSED] - openBrowser(""): Browser is opened with url: ''

21-01-2024T15:56:07 - [MESSAGE][INFO] - Starting 'Chrome' driver

21-01-2024T15:56:07 - [MESSAGE][INFO] - Action delay is set to 0 milliseconds

21-01-2024T15:56:07 - [MESSAGE][PASSED] - Browser is opened with url: ''

21-01-2024T15:56:07 - [TEST_STEP][PASSED] - navigateToUrl("http://www.amazon.com"): Navigate to 'http://www.amazon.com' successfully

21-01-2024T15:56:09 - [MESSAGE][PASSED] - Navigate to 'http://www.amazon.com' successfully

21-01-2024T15:56:09 - [TEST_STEP][PASSED] - selectOptionByLabel(findTestObject("Amazon_Category_validation_excel_OR/Page_Amazon.com. Spend less. Smile more/CategoryElement"), "Books", false): All options with label 'Books' are selected in object 'Object Repository/Amazon_Category_validation_excel_OR/Page_Amazon.com. Spend less. Smile more/CategoryElement' 

21-01-2024T15:56:37 - [MESSAGE][PASSED] - All options with label 'Books' are selected in object 'Object Repository/Amazon_Category_validation_excel_OR/Page_Amazon.com. Spend less. Smile more/CategoryElement' 

21-01-2024T15:56:37 - [TEST_STEP][PASSED] - setText(findTestObject("Amazon_Category_validation_excel_OR/Page_Amazon.com. Spend less. Smile more/input_Search Amazon_field-keywords"), "Da vinci code"): Text 'Da vinci code' is set on object 'Object Repository/Amazon_Category_validation_excel_OR/Page_Amazon.com. Spend less. Smile more/input_Search Amazon_field-keywords'

21-01-2024T15:56:39 - [MESSAGE][PASSED] - Text 'Da vinci code' is set on object 'Object Repository/Amazon_Category_validation_excel_OR/Page_Amazon.com. Spend less. Smile more/input_Search Amazon_field-keywords'

21-01-2024T15:56:39 - [TEST_STEP][PASSED] - click(findTestObject("Amazon_Category_validation_excel_OR/Page_Amazon.com. Spend less. Smile more/input_Search Amazon_nav-search-submit-button")): Object: 'Object Repository/Amazon_Category_validation_excel_OR/Page_Amazon.com. Spend less. Smile more/input_Search Amazon_nav-search-submit-button' is clicked on

21-01-2024T15:56:58 - [MESSAGE][PASSED] - Object: 'Object Repository/Amazon_Category_validation_excel_OR/Page_Amazon.com. Spend less. Smile more/input_Search Amazon_nav-search-submit-button' is clicked on

21-01-2024T15:56:58 - [TEST_STEP][PASSED] - closeBrowser(): Browser is closed

21-01-2024T15:56:59 - [MESSAGE][PASSED] - Browser is closed]]></system-out>
         <system-err><![CDATA[]]></system-err>
      </testcase>
      <system-out><![CDATA[21-01-2024T15:51:57 - [TEST_SUITE][PASSED] - DDT_Amazon_Categoryvalidation_testsuite: Test Cases/Data_Driven_Testing/TC_Validation Amazon Category_Excel_001]]></system-out>
      <system-err><![CDATA[]]></system-err>
   </testsuite>
</testsuites>
