<?xml version="1.0" encoding="UTF-8"?>
<testsuites name="Amazon_AddtoCart_MyOrder_TestSuite_003" time="87.842" tests="2" failures="0" errors="0">
   <testsuite name="Amazon_AddtoCart_MyOrder_TestSuite_003" tests="2" failures="0" errors="0" time="87.842" skipped="0" timestamp="20-01-2024T19:28:21" hostname="KOTTANA SIVA KUMAR - LAPTOP-0GRNC2TD" id="Test Suites/Amazon_TestSuite/Amazon_AddtoCart_MyOrder_TestSuite_003">
      <properties>
         <property name="deviceName" value=""/>
         <property name="devicePlatform" value=""/>
         <property name="logFolder" value="C:\\Users\\KOTTANA SIVA KUMAR\\Katalon Studio\\Software Automation Testing with Katalon\\Reports\\20240120_192807\\Amazon_TestSuite\\Amazon_AddtoCart_MyOrder_TestSuite_003\\20240120_192808"/>
         <property name="logFiles" value="C:\\Users\\KOTTANA SIVA KUMAR\\Katalon Studio\\Software Automation Testing with Katalon\\Reports\\20240120_192807\\Amazon_TestSuite\\Amazon_AddtoCart_MyOrder_TestSuite_003\\20240120_192808\\execution0.log"/>
         <property name="attachments" value=""/>
         <property name="hostName" value="KOTTANA SIVA KUMAR - LAPTOP-0GRNC2TD"/>
         <property name="os" value="Windows 11 64bit"/>
         <property name="katalonVersion" value="9.1.0.212"/>
         <property name="browser" value="Chrome 120.0.0.0"/>
         <property name="hostAddress" value="192.168.55.103"/>
         <property name="sessionId" value="6f3c781eb6cbc667c2ca46042b581683"/>
         <property name="seleniumVersion" value="3.141.59"/>
         <property name="proxyInformation" value="ProxyInformation { proxyOption=NO_PROXY, proxyServerType=HTTP, username=, password=********, proxyServerAddress=, proxyServerPort=0, executionList=&quot;&quot;, isApplyToDesiredCapabilities=true }"/>
         <property name="platform" value="Windows 11"/>
      </properties>
      <testcase name="Test Cases/Amazon/TC_Amazon_Validate_Add to Cart-004" time="58.413" classname="Test Cases/Amazon/TC_Amazon_Validate_Add to Cart-004" status="PASSED">
         <system-out><![CDATA[20-01-2024T19:28:22 - [TEST_CASE][PASSED] - Test Cases/Amazon/TC_Amazon_Validate_Add to Cart-004: Test Cases/Amazon/TC_Amazon_Validate_Add to Cart-004

20-01-2024T19:28:22 - [TEST_STEP][PASSED] - openBrowser(""): Browser is opened with url: ''

20-01-2024T19:28:23 - [MESSAGE][INFO] - Starting 'Chrome' driver

20-01-2024T19:28:23 - [MESSAGE][INFO] - Action delay is set to 0 milliseconds

20-01-2024T19:28:25 - [MESSAGE][PASSED] - Browser is opened with url: ''

20-01-2024T19:28:25 - [TEST_STEP][PASSED] - navigateToUrl("https://www.amazon.com/"): Navigate to 'https://www.amazon.com/' successfully

20-01-2024T19:28:27 - [MESSAGE][PASSED] - Navigate to 'https://www.amazon.com/' successfully

20-01-2024T19:28:27 - [TEST_STEP][PASSED] - setText(findTestObject("Object Repository/Amazon_Pages_Add to Cart_OR/Page_Amazon.com/input_field-keywords"), "KXXTNX"): Text 'KXXTNX' is set on object 'Object Repository/Amazon_Pages_Add to Cart_OR/Page_Amazon.com/input_field-keywords'

20-01-2024T19:28:28 - [MESSAGE][PASSED] - Text 'KXXTNX' is set on object 'Object Repository/Amazon_Pages_Add to Cart_OR/Page_Amazon.com/input_field-keywords'

20-01-2024T19:28:28 - [TEST_STEP][PASSED] - click(findTestObject("Object Repository/Amazon_Pages_Add to Cart_OR/Page_Amazon.com/button_Continue shopping")): Object: 'Object Repository/Amazon_Pages_Add to Cart_OR/Page_Amazon.com/button_Continue shopping' is clicked on

20-01-2024T19:28:29 - [MESSAGE][PASSED] - Object: 'Object Repository/Amazon_Pages_Add to Cart_OR/Page_Amazon.com/button_Continue shopping' is clicked on

20-01-2024T19:28:29 - [TEST_STEP][PASSED] - click(findTestObject("Object Repository/Amazon_Pages_Add to Cart_OR/Page_Amazon.com. Spend less. Smile more/span_Hello, sign in")): Object: 'Object Repository/Amazon_Pages_Add to Cart_OR/Page_Amazon.com. Spend less. Smile more/span_Hello, sign in' is clicked on

20-01-2024T19:28:57 - [MESSAGE][PASSED] - Object: 'Object Repository/Amazon_Pages_Add to Cart_OR/Page_Amazon.com. Spend less. Smile more/span_Hello, sign in' is clicked on

20-01-2024T19:28:57 - [TEST_STEP][PASSED] - setText(findTestObject("Object Repository/Amazon_Pages_Add to Cart_OR/Page_Amazon Sign-In/input_email"), "sivakumarkottana2000@gmail.com"): Text 'sivakumarkottana2000@gmail.com' is set on object 'Object Repository/Amazon_Pages_Add to Cart_OR/Page_Amazon Sign-In/input_email'

20-01-2024T19:28:59 - [MESSAGE][PASSED] - Text 'sivakumarkottana2000@gmail.com' is set on object 'Object Repository/Amazon_Pages_Add to Cart_OR/Page_Amazon Sign-In/input_email'

20-01-2024T19:28:59 - [TEST_STEP][PASSED] - click(findTestObject("Object Repository/Amazon_Pages_Add to Cart_OR/Page_Amazon Sign-In/inputcontinue")): Object: 'Object Repository/Amazon_Pages_Add to Cart_OR/Page_Amazon Sign-In/inputcontinue' is clicked on

20-01-2024T19:29:00 - [MESSAGE][PASSED] - Object: 'Object Repository/Amazon_Pages_Add to Cart_OR/Page_Amazon Sign-In/inputcontinue' is clicked on

20-01-2024T19:29:00 - [TEST_STEP][PASSED] - setEncryptedText(findTestObject("Object Repository/Amazon_Pages_Add to Cart_OR/Page_Amazon Sign-In/input_password"), "DTj8m5Ry/xZVxpyMM/dUZQ=="): Text ****** has been set on object 'Object Repository/Amazon_Pages_Add to Cart_OR/Page_Amazon Sign-In/input_password'

20-01-2024T19:29:02 - [MESSAGE][PASSED] - Text ****** has been set on object 'Object Repository/Amazon_Pages_Add to Cart_OR/Page_Amazon Sign-In/input_password'

20-01-2024T19:29:02 - [TEST_STEP][PASSED] - click(findTestObject("Object Repository/Amazon_Pages_Add to Cart_OR/Page_Amazon Sign-In/inputsignInSubmit")): Object: 'Object Repository/Amazon_Pages_Add to Cart_OR/Page_Amazon Sign-In/inputsignInSubmit' is clicked on

20-01-2024T19:29:03 - [MESSAGE][PASSED] - Object: 'Object Repository/Amazon_Pages_Add to Cart_OR/Page_Amazon Sign-In/inputsignInSubmit' is clicked on

20-01-2024T19:29:03 - [TEST_STEP][PASSED] - selectOptionByValue(findTestObject("Object Repository/Amazon_Pages_Add to Cart_OR/Page_Amazon.com. Spend less. Smile more/select_All Departments        Arts  Crafts _135c92"), "search-alias=computers-intl-ship", true): All options with value 'search-alias=computers-intl-ship' are selected in object 'Object Repository/Amazon_Pages_Add to Cart_OR/Page_Amazon.com. Spend less. Smile more/select_All Departments        Arts  Crafts _135c92'  using regular expression

20-01-2024T19:29:10 - [MESSAGE][PASSED] - All options with value 'search-alias=computers-intl-ship' are selected in object 'Object Repository/Amazon_Pages_Add to Cart_OR/Page_Amazon.com. Spend less. Smile more/select_All Departments        Arts  Crafts _135c92'  using regular expression

20-01-2024T19:29:10 - [TEST_STEP][PASSED] - setText(findTestObject("Object Repository/Amazon_Pages_Add to Cart_OR/Page_Amazon.com. Spend less. Smile more/input_field-keywords"), "laptops"): Text 'laptops' is set on object 'Object Repository/Amazon_Pages_Add to Cart_OR/Page_Amazon.com. Spend less. Smile more/input_field-keywords'

20-01-2024T19:29:12 - [MESSAGE][PASSED] - Text 'laptops' is set on object 'Object Repository/Amazon_Pages_Add to Cart_OR/Page_Amazon.com. Spend less. Smile more/input_field-keywords'

20-01-2024T19:29:12 - [TEST_STEP][PASSED] - click(findTestObject("Object Repository/Amazon_Pages_Add to Cart_OR/Page_Amazon.com. Spend less. Smile more/inputnav-search-submit-button")): Object: 'Object Repository/Amazon_Pages_Add to Cart_OR/Page_Amazon.com. Spend less. Smile more/inputnav-search-submit-button' is clicked on

20-01-2024T19:29:19 - [MESSAGE][PASSED] - Object: 'Object Repository/Amazon_Pages_Add to Cart_OR/Page_Amazon.com. Spend less. Smile more/inputnav-search-submit-button' is clicked on

20-01-2024T19:29:19 - [TEST_STEP][PASSED] - click(findTestObject("Object Repository/Amazon_Pages_Add to Cart_OR/Page_Amazon.com  laptops/button_Add to cart")): Object: 'Object Repository/Amazon_Pages_Add to Cart_OR/Page_Amazon.com  laptops/button_Add to cart' is clicked on

20-01-2024T19:29:20 - [MESSAGE][PASSED] - Object: 'Object Repository/Amazon_Pages_Add to Cart_OR/Page_Amazon.com  laptops/button_Add to cart' is clicked on

20-01-2024T19:29:20 - [TEST_STEP][PASSED] - closeBrowser(): Browser is closed

20-01-2024T19:29:20 - [MESSAGE][PASSED] - Browser is closed]]></system-out>
         <system-err><![CDATA[]]></system-err>
      </testcase>
      <testcase name="Test Cases/Amazon/TC_Amazon_Validate_Myorders_006" time="29.13" classname="Test Cases/Amazon/TC_Amazon_Validate_Myorders_006" status="PASSED">
         <system-out><![CDATA[20-01-2024T19:29:20 - [TEST_CASE][PASSED] - Test Cases/Amazon/TC_Amazon_Validate_Myorders_006: Test Cases/Amazon/TC_Amazon_Validate_Myorders_006

20-01-2024T19:29:20 - [TEST_STEP][PASSED] - openBrowser(""): Browser is opened with url: ''

20-01-2024T19:29:20 - [MESSAGE][INFO] - Starting 'Chrome' driver

20-01-2024T19:29:20 - [MESSAGE][INFO] - Action delay is set to 0 milliseconds

20-01-2024T19:29:21 - [MESSAGE][PASSED] - Browser is opened with url: ''

20-01-2024T19:29:21 - [TEST_STEP][PASSED] - navigateToUrl("https://www.amazon.com/"): Navigate to 'https://www.amazon.com/' successfully

20-01-2024T19:29:23 - [MESSAGE][PASSED] - Navigate to 'https://www.amazon.com/' successfully

20-01-2024T19:29:23 - [TEST_STEP][PASSED] - setText(findTestObject("Object Repository/Amazon_Pages_my orders_OR/Page_Amazon.com/input_field-keywords"), "RNUBAE"): Text 'RNUBAE' is set on object 'Object Repository/Amazon_Pages_my orders_OR/Page_Amazon.com/input_field-keywords'

20-01-2024T19:29:24 - [MESSAGE][PASSED] - Text 'RNUBAE' is set on object 'Object Repository/Amazon_Pages_my orders_OR/Page_Amazon.com/input_field-keywords'

20-01-2024T19:29:24 - [TEST_STEP][PASSED] - click(findTestObject("Object Repository/Amazon_Pages_my orders_OR/Page_Amazon.com/button_Continue shopping")): Object: 'Object Repository/Amazon_Pages_my orders_OR/Page_Amazon.com/button_Continue shopping' is clicked on

20-01-2024T19:29:25 - [MESSAGE][PASSED] - Object: 'Object Repository/Amazon_Pages_my orders_OR/Page_Amazon.com/button_Continue shopping' is clicked on

20-01-2024T19:29:25 - [TEST_STEP][PASSED] - click(findTestObject("Object Repository/Amazon_Pages_my orders_OR/Page_Amazon.com. Spend less. Smile more/span_Orders")): Object: 'Object Repository/Amazon_Pages_my orders_OR/Page_Amazon.com. Spend less. Smile more/span_Orders' is clicked on

20-01-2024T19:29:45 - [MESSAGE][PASSED] - Object: 'Object Repository/Amazon_Pages_my orders_OR/Page_Amazon.com. Spend less. Smile more/span_Orders' is clicked on

20-01-2024T19:29:45 - [TEST_STEP][PASSED] - setText(findTestObject("Object Repository/Amazon_Pages_my orders_OR/Page_Amazon Sign-In/input_email"), "sivakumarkottana2000@gmail.com"): Text 'sivakumarkottana2000@gmail.com' is set on object 'Object Repository/Amazon_Pages_my orders_OR/Page_Amazon Sign-In/input_email'

20-01-2024T19:29:45 - [MESSAGE][PASSED] - Text 'sivakumarkottana2000@gmail.com' is set on object 'Object Repository/Amazon_Pages_my orders_OR/Page_Amazon Sign-In/input_email'

20-01-2024T19:29:45 - [TEST_STEP][PASSED] - click(findTestObject("Object Repository/Amazon_Pages_my orders_OR/Page_Amazon Sign-In/inputcontinue")): Object: 'Object Repository/Amazon_Pages_my orders_OR/Page_Amazon Sign-In/inputcontinue' is clicked on

20-01-2024T19:29:48 - [MESSAGE][PASSED] - Object: 'Object Repository/Amazon_Pages_my orders_OR/Page_Amazon Sign-In/inputcontinue' is clicked on

20-01-2024T19:29:48 - [TEST_STEP][PASSED] - setEncryptedText(findTestObject("Object Repository/Amazon_Pages_my orders_OR/Page_Amazon Sign-In/input_password"), "DTj8m5Ry/xZVxpyMM/dUZQ=="): Text ****** has been set on object 'Object Repository/Amazon_Pages_my orders_OR/Page_Amazon Sign-In/input_password'

20-01-2024T19:29:49 - [MESSAGE][PASSED] - Text ****** has been set on object 'Object Repository/Amazon_Pages_my orders_OR/Page_Amazon Sign-In/input_password'

20-01-2024T19:29:49 - [TEST_STEP][PASSED] - click(findTestObject("Object Repository/Amazon_Pages_my orders_OR/Page_Amazon Sign-In/inputsignInSubmit")): Object: 'Object Repository/Amazon_Pages_my orders_OR/Page_Amazon Sign-In/inputsignInSubmit' is clicked on

20-01-2024T19:29:49 - [MESSAGE][PASSED] - Object: 'Object Repository/Amazon_Pages_my orders_OR/Page_Amazon Sign-In/inputsignInSubmit' is clicked on

20-01-2024T19:29:49 - [TEST_STEP][PASSED] - closeBrowser(): Browser is closed

20-01-2024T19:29:49 - [MESSAGE][PASSED] - Browser is closed]]></system-out>
         <system-err><![CDATA[]]></system-err>
      </testcase>
      <system-out><![CDATA[20-01-2024T19:28:21 - [TEST_SUITE][PASSED] - Amazon_AddtoCart_MyOrder_TestSuite_003: Test Cases/Amazon/TC_Amazon_Validate_Myorders_006]]></system-out>
      <system-err><![CDATA[]]></system-err>
   </testsuite>
</testsuites>
